# JRE version: Java(TM) SE Runtime Environment (8.0_112-b15) (build 1.8.0_112-b15)
# Java VM: Java HotSpot(TM) 64-Bit Server VM (25.112-b15 mixed mode windows-amd64 compressed oops)
Heap:
 PSYoungGen      total 60416K, used 44840K [0x00000007bc400000, 0x00000007c0000000, 0x00000007c0000000)
  eden space 59392K, 74% used [0x00000007bc400000,0x00000007bef4a2c0,0x00000007bfe00000)
  from space 1024K, 50% used [0x00000007bff00000,0x00000007bff80000,0x00000007c0000000)
  to   space 1024K, 0% used [0x00000007bfe00000,0x00000007bfe00000,0x00000007bff00000)
 ParOldGen       total 95232K, used 55437K [0x0000000700000000, 0x0000000705d00000, 0x00000007bc400000)
  object space 95232K, 58% used [0x0000000700000000,0x0000000703623450,0x0000000705d00000)
 Metaspace       used 70517K, capacity 71091K, committed 71680K, reserved 1112064K
  class space    used 9327K, capacity 9465K, committed 9472K, reserved 1048576K
GC Heap History (10 events):
Event: 2377.738 GC heap before
{Heap before GC invocations=689 (full 274):
 PSYoungGen      total 60928K, used 60416K [0x00000007bc400000, 0x00000007c0000000, 0x00000007c0000000)
  eden space 60416K, 100% used [0x00000007bc400000,0x00000007bff00000,0x00000007bff00000)
  from space 512K, 0% used [0x00000007bff80000,0x00000007bff80000,0x00000007c0000000)
  to   space 512K, 0% used [0x00000007bff00000,0x00000007bff00000,0x00000007bff80000)
 ParOldGen       total 95232K, used 55148K [0x0000000700000000, 0x0000000705d00000, 0x00000007bc400000)
  object space 95232K, 57% used [0x0000000700000000,0x00000007035db140,0x0000000705d00000)
 Metaspace       used 70489K, capacity 71091K, committed 71680K, reserved 1112064K
  class space    used 9327K, capacity 9465K, committed 9472K, reserved 1048576K
Event: 2377.743 GC heap after
Heap after GC invocations=689 (full 274):
 PSYoungGen      total 60928K, used 512K [0x00000007bc400000, 0x00000007c0000000, 0x00000007c0000000)
  eden space 60416K, 0% used [0x00000007bc400000,0x00000007bc400000,0x00000007bff00000)
  from space 512K, 100% used [0x00000007bff00000,0x00000007bff80000,0x00000007bff80000)
  to   space 512K, 0% used [0x00000007bff80000,0x00000007bff80000,0x00000007c0000000)
 ParOldGen       total 95232K, used 56076K [0x0000000700000000, 0x0000000705d00000, 0x00000007bc400000)
  object space 95232K, 58% used [0x0000000700000000,0x00000007036c3150,0x0000000705d00000)
 Metaspace       used 70489K, capacity 71091K, committed 71680K, reserved 1112064K
  class space    used 9327K, capacity 9465K, committed 9472K, reserved 1048576K
}
Event: 2387.468 GC heap before
{Heap before GC invocations=690 (full 274):
 PSYoungGen      total 60928K, used 60928K [0x00000007bc400000, 0x00000007c0000000, 0x00000007c0000000)
  eden space 60416K, 100% used [0x00000007bc400000,0x00000007bff00000,0x00000007bff00000)
  from space 512K, 100% used [0x00000007bff00000,0x00000007bff80000,0x00000007bff80000)
  to   space 512K, 0% used [0x00000007bff80000,0x00000007bff80000,0x00000007c0000000)
 ParOldGen       total 95232K, used 56076K [0x0000000700000000, 0x0000000705d00000, 0x00000007bc400000)
  object space 95232K, 58% used [0x0000000700000000,0x00000007036c3150,0x0000000705d00000)
 Metaspace       used 70499K, capacity 71091K, committed 71680K, reserved 1112064K
  class space    used 9327K, capacity 9465K, committed 9472K, reserved 1048576K
Event: 2387.477 GC heap after
Heap after GC invocations=690 (full 274):
 PSYoungGen      total 59904K, used 512K [0x00000007bc400000, 0x00000007c0000000, 0x00000007c0000000)
  eden space 59392K, 0% used [0x00000007bc400000,0x00000007bc400000,0x00000007bfe00000)
  from space 512K, 100% used [0x00000007bff80000,0x00000007c0000000,0x00000007c0000000)
  to   space 1024K, 0% used [0x00000007bfe00000,0x00000007bfe00000,0x00000007bff00000)
 ParOldGen       total 95232K, used 56308K [0x0000000700000000, 0x0000000705d00000, 0x00000007bc400000)
  object space 95232K, 59% used [0x0000000700000000,0x00000007036fd150,0x0000000705d00000)
 Metaspace       used 70499K, capacity 71091K, committed 71680K, reserved 1112064K
  class space    used 9327K, capacity 9465K, committed 9472K, reserved 1048576K
}
Event: 2388.527 GC heap before
{Heap before GC invocations=691 (full 274):
 PSYoungGen      total 59904K, used 3142K [0x00000007bc400000, 0x00000007c0000000, 0x00000007c0000000)
  eden space 59392K, 4% used [0x00000007bc400000,0x00000007bc691bb0,0x00000007bfe00000)
  from space 512K, 100% used [0x00000007bff80000,0x00000007c0000000,0x00000007c0000000)
  to   space 1024K, 0% used [0x00000007bfe00000,0x00000007bfe00000,0x00000007bff00000)
 ParOldGen       total 95232K, used 56308K [0x0000000700000000, 0x0000000705d00000, 0x00000007bc400000)
  object space 95232K, 59% used [0x0000000700000000,0x00000007036fd150,0x0000000705d00000)
 Metaspace       used 70503K, capacity 71091K, committed 71680K, reserved 1112064K
  class space    used 9327K, capacity 9465K, committed 9472K, reserved 1048576K
Event: 2388.530 GC heap after
Heap after GC invocations=691 (full 274):
 PSYoungGen      total 60416K, used 512K [0x00000007bc400000, 0x00000007c0000000, 0x00000007c0000000)
  eden space 59392K, 0% used [0x00000007bc400000,0x00000007bc400000,0x00000007bfe00000)
  from space 1024K, 50% used [0x00000007bfe00000,0x00000007bfe80000,0x00000007bff00000)
  to   space 1024K, 0% used [0x00000007bff00000,0x00000007bff00000,0x00000007c0000000)
 ParOldGen       total 95232K, used 56308K [0x0000000700000000, 0x0000000705d00000, 0x00000007bc400000)
  object space 95232K, 59% used [0x0000000700000000,0x00000007036fd150,0x0000000705d00000)
 Metaspace       used 70503K, capacity 71091K, committed 71680K, reserved 1112064K
  class space    used 9327K, capacity 9465K, committed 9472K, reserved 1048576K
}
Event: 2388.530 GC heap before
{Heap before GC invocations=692 (full 275):
 PSYoungGen      total 60416K, used 512K [0x00000007bc400000, 0x00000007c0000000, 0x00000007c0000000)
  eden space 59392K, 0% used [0x00000007bc400000,0x00000007bc400000,0x00000007bfe00000)
  from space 1024K, 50% used [0x00000007bfe00000,0x00000007bfe80000,0x00000007bff00000)
  to   space 1024K, 0% used [0x00000007bff00000,0x00000007bff00000,0x00000007c0000000)
 ParOldGen       total 95232K, used 56308K [0x0000000700000000, 0x0000000705d00000, 0x00000007bc400000)
  object space 95232K, 59% used [0x0000000700000000,0x00000007036fd150,0x0000000705d00000)
 Metaspace       used 70503K, capacity 71091K, committed 71680K, reserved 1112064K
  class space    used 9327K, capacity 9465K, committed 9472K, reserved 1048576K
Event: 2388.664 GC heap after
Heap after GC invocations=692 (full 275):
 PSYoungGen      total 60416K, used 0K [0x00000007bc400000, 0x00000007c0000000, 0x00000007c0000000)
  eden space 59392K, 0% used [0x00000007bc400000,0x00000007bc400000,0x00000007bfe00000)
  from space 1024K, 0% used [0x00000007bfe00000,0x00000007bfe00000,0x00000007bff00000)
  to   space 1024K, 0% used [0x00000007bff00000,0x00000007bff00000,0x00000007c0000000)
 ParOldGen       total 95232K, used 55437K [0x0000000700000000, 0x0000000705d00000, 0x00000007bc400000)
  object space 95232K, 58% used [0x0000000700000000,0x0000000703623450,0x0000000705d00000)
 Metaspace       used 70503K, capacity 71091K, committed 71680K, reserved 1112064K
  class space    used 9327K, capacity 9465K, committed 9472K, reserved 1048576K
}
Event: 2391.526 GC heap before
{Heap before GC invocations=693 (full 275):
 PSYoungGen      total 60416K, used 59392K [0x00000007bc400000, 0x00000007c0000000, 0x00000007c0000000)
  eden space 59392K, 100% used [0x00000007bc400000,0x00000007bfe00000,0x00000007bfe00000)
  from space 1024K, 0% used [0x00000007bfe00000,0x00000007bfe00000,0x00000007bff00000)
  to   space 1024K, 0% used [0x00000007bff00000,0x00000007bff00000,0x00000007c0000000)
 ParOldGen       total 95232K, used 55437K [0x0000000700000000, 0x0000000705d00000, 0x00000007bc400000)
  object space 95232K, 58% used [0x0000000700000000,0x0000000703623450,0x0000000705d00000)
 Metaspace       used 70517K, capacity 71091K, committed 71680K, reserved 1112064K
  class space    used 9327K, capacity 9465K, committed 9472K, reserved 1048576K
Event: 2391.531 GC heap after
Heap after GC invocations=693 (full 275):
 PSYoungGen      total 60416K, used 512K [0x00000007bc400000, 0x00000007c0000000, 0x00000007c0000000)
  eden space 59392K, 0% used [0x00000007bc400000,0x00000007bc400000,0x00000007bfe00000)
  from space 1024K, 50% used [0x00000007bff00000,0x00000007bff80000,0x00000007c0000000)
  to   space 1024K, 0% used [0x00000007bfe00000,0x00000007bfe00000,0x00000007bff00000)
 ParOldGen       total 95232K, used 55437K [0x0000000700000000, 0x0000000705d00000, 0x00000007bc400000)
  object space 95232K, 58% used [0x0000000700000000,0x0000000703623450,0x0000000705d00000)
 Metaspace       used 70517K, capacity 71091K, committed 71680K, reserved 1112064K
  class space    used 9327K, capacity 9465K, committed 9472K, reserved 1048576K
}

