# JRE version: Java(TM) SE Runtime Environment (8.0_112-b15) (build 1.8.0_112-b15)
# Java VM: Java HotSpot(TM) 64-Bit Server VM (25.112-b15 mixed mode windows-amd64 compressed oops)
Heap:
 PSYoungGen      total 59904K, used 15631K [0x00000007bc400000, 0x00000007c0000000, 0x00000007c0000000)
  eden space 58368K, 24% used [0x00000007bc400000,0x00000007bd20c820,0x00000007bfd00000)
  from space 1536K, 81% used [0x00000007bfd00000,0x00000007bfe37730,0x00000007bfe80000)
  to   space 1536K, 0% used [0x00000007bfe80000,0x00000007bfe80000,0x00000007c0000000)
 ParOldGen       total 166912K, used 48116K [0x0000000700000000, 0x000000070a300000, 0x00000007bc400000)
  object space 166912K, 28% used [0x0000000700000000,0x0000000702efd138,0x000000070a300000)
 Metaspace       used 69337K, capacity 69909K, committed 70528K, reserved 1110016K
  class space    used 9384K, capacity 9498K, committed 9600K, reserved 1048576K
GC Heap History (10 events):
Event: 852.689 GC heap before
{Heap before GC invocations=441 (full 172):
 PSYoungGen      total 60416K, used 60224K [0x00000007bc400000, 0x00000007c0000000, 0x00000007c0000000)
  eden space 59392K, 100% used [0x00000007bc400000,0x00000007bfe00000,0x00000007bfe00000)
  from space 1024K, 81% used [0x00000007bff00000,0x00000007bffd0000,0x00000007c0000000)
  to   space 1024K, 0% used [0x00000007bfe00000,0x00000007bfe00000,0x00000007bff00000)
 ParOldGen       total 166912K, used 48116K [0x0000000700000000, 0x000000070a300000, 0x00000007bc400000)
  object space 166912K, 28% used [0x0000000700000000,0x0000000702efd138,0x000000070a300000)
 Metaspace       used 69272K, capacity 69909K, committed 70528K, reserved 1110016K
  class space    used 9384K, capacity 9498K, committed 9600K, reserved 1048576K
Event: 852.697 GC heap after
Heap after GC invocations=441 (full 172):
 PSYoungGen      total 60416K, used 736K [0x00000007bc400000, 0x00000007c0000000, 0x00000007c0000000)
  eden space 59392K, 0% used [0x00000007bc400000,0x00000007bc400000,0x00000007bfe00000)
  from space 1024K, 71% used [0x00000007bfe00000,0x00000007bfeb8000,0x00000007bff00000)
  to   space 1024K, 0% used [0x00000007bff00000,0x00000007bff00000,0x00000007c0000000)
 ParOldGen       total 166912K, used 48116K [0x0000000700000000, 0x000000070a300000, 0x00000007bc400000)
  object space 166912K, 28% used [0x0000000700000000,0x0000000702efd138,0x000000070a300000)
 Metaspace       used 69272K, capacity 69909K, committed 70528K, reserved 1110016K
  class space    used 9384K, capacity 9498K, committed 9600K, reserved 1048576K
}
Event: 857.262 GC heap before
{Heap before GC invocations=442 (full 172):
 PSYoungGen      total 60416K, used 60128K [0x00000007bc400000, 0x00000007c0000000, 0x00000007c0000000)
  eden space 59392K, 100% used [0x00000007bc400000,0x00000007bfe00000,0x00000007bfe00000)
  from space 1024K, 71% used [0x00000007bfe00000,0x00000007bfeb8000,0x00000007bff00000)
  to   space 1024K, 0% used [0x00000007bff00000,0x00000007bff00000,0x00000007c0000000)
 ParOldGen       total 166912K, used 48116K [0x0000000700000000, 0x000000070a300000, 0x00000007bc400000)
  object space 166912K, 28% used [0x0000000700000000,0x0000000702efd138,0x000000070a300000)
 Metaspace       used 69288K, capacity 69909K, committed 70528K, reserved 1110016K
  class space    used 9384K, capacity 9498K, committed 9600K, reserved 1048576K
Event: 857.269 GC heap after
Heap after GC invocations=442 (full 172):
 PSYoungGen      total 59392K, used 800K [0x00000007bc400000, 0x00000007c0000000, 0x00000007c0000000)
  eden space 58368K, 0% used [0x00000007bc400000,0x00000007bc400000,0x00000007bfd00000)
  from space 1024K, 78% used [0x00000007bff00000,0x00000007bffc8000,0x00000007c0000000)
  to   space 1536K, 0% used [0x00000007bfd00000,0x00000007bfd00000,0x00000007bfe80000)
 ParOldGen       total 166912K, used 48116K [0x0000000700000000, 0x000000070a300000, 0x00000007bc400000)
  object space 166912K, 28% used [0x0000000700000000,0x0000000702efd138,0x000000070a300000)
 Metaspace       used 69288K, capacity 69909K, committed 70528K, reserved 1110016K
  class space    used 9384K, capacity 9498K, committed 9600K, reserved 1048576K
}
Event: 918.074 GC heap before
{Heap before GC invocations=443 (full 172):
 PSYoungGen      total 59392K, used 59168K [0x00000007bc400000, 0x00000007c0000000, 0x00000007c0000000)
  eden space 58368K, 100% used [0x00000007bc400000,0x00000007bfd00000,0x00000007bfd00000)
  from space 1024K, 78% used [0x00000007bff00000,0x00000007bffc8000,0x00000007c0000000)
  to   space 1536K, 0% used [0x00000007bfd00000,0x00000007bfd00000,0x00000007bfe80000)
 ParOldGen       total 166912K, used 48116K [0x0000000700000000, 0x000000070a300000, 0x00000007bc400000)
  object space 166912K, 28% used [0x0000000700000000,0x0000000702efd138,0x000000070a300000)
 Metaspace       used 69295K, capacity 69909K, committed 70528K, reserved 1110016K
  class space    used 9384K, capacity 9498K, committed 9600K, reserved 1048576K
Event: 918.082 GC heap after
Heap after GC invocations=443 (full 172):
 PSYoungGen      total 59904K, used 832K [0x00000007bc400000, 0x00000007c0000000, 0x00000007c0000000)
  eden space 58368K, 0% used [0x00000007bc400000,0x00000007bc400000,0x00000007bfd00000)
  from space 1536K, 54% used [0x00000007bfd00000,0x00000007bfdd0000,0x00000007bfe80000)
  to   space 1536K, 0% used [0x00000007bfe80000,0x00000007bfe80000,0x00000007c0000000)
 ParOldGen       total 166912K, used 48116K [0x0000000700000000, 0x000000070a300000, 0x00000007bc400000)
  object space 166912K, 28% used [0x0000000700000000,0x0000000702efd138,0x000000070a300000)
 Metaspace       used 69295K, capacity 69909K, committed 70528K, reserved 1110016K
  class space    used 9384K, capacity 9498K, committed 9600K, reserved 1048576K
}
Event: 936.390 GC heap before
{Heap before GC invocations=444 (full 172):
 PSYoungGen      total 59904K, used 59200K [0x00000007bc400000, 0x00000007c0000000, 0x00000007c0000000)
  eden space 58368K, 100% used [0x00000007bc400000,0x00000007bfd00000,0x00000007bfd00000)
  from space 1536K, 54% used [0x00000007bfd00000,0x00000007bfdd0000,0x00000007bfe80000)
  to   space 1536K, 0% used [0x00000007bfe80000,0x00000007bfe80000,0x00000007c0000000)
 ParOldGen       total 166912K, used 48116K [0x0000000700000000, 0x000000070a300000, 0x00000007bc400000)
  object space 166912K, 28% used [0x0000000700000000,0x0000000702efd138,0x000000070a300000)
 Metaspace       used 69315K, capacity 69909K, committed 70528K, reserved 1110016K
  class space    used 9384K, capacity 9498K, committed 9600K, reserved 1048576K
Event: 936.427 GC heap after
Heap after GC invocations=444 (full 172):
 PSYoungGen      total 59904K, used 768K [0x00000007bc400000, 0x00000007c0000000, 0x00000007c0000000)
  eden space 58368K, 0% used [0x00000007bc400000,0x00000007bc400000,0x00000007bfd00000)
  from space 1536K, 50% used [0x00000007bfe80000,0x00000007bff40000,0x00000007c0000000)
  to   space 1536K, 0% used [0x00000007bfd00000,0x00000007bfd00000,0x00000007bfe80000)
 ParOldGen       total 166912K, used 48116K [0x0000000700000000, 0x000000070a300000, 0x00000007bc400000)
  object space 166912K, 28% used [0x0000000700000000,0x0000000702efd138,0x000000070a300000)
 Metaspace       used 69315K, capacity 69909K, committed 70528K, reserved 1110016K
  class space    used 9384K, capacity 9498K, committed 9600K, reserved 1048576K
}
Event: 943.791 GC heap before
{Heap before GC invocations=445 (full 172):
 PSYoungGen      total 59904K, used 59136K [0x00000007bc400000, 0x00000007c0000000, 0x00000007c0000000)
  eden space 58368K, 100% used [0x00000007bc400000,0x00000007bfd00000,0x00000007bfd00000)
  from space 1536K, 50% used [0x00000007bfe80000,0x00000007bff40000,0x00000007c0000000)
  to   space 1536K, 0% used [0x00000007bfd00000,0x00000007bfd00000,0x00000007bfe80000)
 ParOldGen       total 166912K, used 48116K [0x0000000700000000, 0x000000070a300000, 0x00000007bc400000)
  object space 166912K, 28% used [0x0000000700000000,0x0000000702efd138,0x000000070a300000)
 Metaspace       used 69332K, capacity 69909K, committed 70528K, reserved 1110016K
  class space    used 9384K, capacity 9498K, committed 9600K, reserved 1048576K
Event: 943.798 GC heap after
Heap after GC invocations=445 (full 172):
 PSYoungGen      total 59904K, used 1245K [0x00000007bc400000, 0x00000007c0000000, 0x00000007c0000000)
  eden space 58368K, 0% used [0x00000007bc400000,0x00000007bc400000,0x00000007bfd00000)
  from space 1536K, 81% used [0x00000007bfd00000,0x00000007bfe37730,0x00000007bfe80000)
  to   space 1536K, 0% used [0x00000007bfe80000,0x00000007bfe80000,0x00000007c0000000)
 ParOldGen       total 166912K, used 48116K [0x0000000700000000, 0x000000070a300000, 0x00000007bc400000)
  object space 166912K, 28% used [0x0000000700000000,0x0000000702efd138,0x000000070a300000)
 Metaspace       used 69332K, capacity 69909K, committed 70528K, reserved 1110016K
  class space    used 9384K, capacity 9498K, committed 9600K, reserved 1048576K
}

