# JRE version: Java(TM) SE Runtime Environment (8.0_112-b15) (build 1.8.0_112-b15)
# Java VM: Java HotSpot(TM) 64-Bit Server VM (25.112-b15 mixed mode windows-amd64 compressed oops)
Heap:
 PSYoungGen      total 58368K, used 2263K [0x00000007bc400000, 0x00000007c0000000, 0x00000007c0000000)
  eden space 55296K, 2% used [0x00000007bc400000,0x00000007bc5168b0,0x00000007bfa00000)
  from space 3072K, 37% used [0x00000007bfd00000,0x00000007bfe1f730,0x00000007c0000000)
  to   space 3072K, 0% used [0x00000007bfa00000,0x00000007bfa00000,0x00000007bfd00000)
 ParOldGen       total 158208K, used 60446K [0x0000000700000000, 0x0000000709a80000, 0x00000007bc400000)
  object space 158208K, 38% used [0x0000000700000000,0x0000000703b07830,0x0000000709a80000)
 Metaspace       used 72495K, capacity 73111K, committed 73728K, reserved 1114112K
  class space    used 9492K, capacity 9639K, committed 9728K, reserved 1048576K
GC Heap History (10 events):
Event: 9120.889 GC heap before
{Heap before GC invocations=1102 (full 254):
 PSYoungGen      total 57856K, used 55008K [0x00000007bc400000, 0x00000007c0000000, 0x00000007c0000000)
  eden space 54272K, 100% used [0x00000007bc400000,0x00000007bf900000,0x00000007bf900000)
  from space 3584K, 20% used [0x00000007bf900000,0x00000007bf9b8000,0x00000007bfc80000)
  to   space 3584K, 0% used [0x00000007bfc80000,0x00000007bfc80000,0x00000007c0000000)
 ParOldGen       total 158208K, used 60446K [0x0000000700000000, 0x0000000709a80000, 0x00000007bc400000)
  object space 158208K, 38% used [0x0000000700000000,0x0000000703b07830,0x0000000709a80000)
 Metaspace       used 72478K, capacity 73111K, committed 73728K, reserved 1114112K
  class space    used 9492K, capacity 9639K, committed 9728K, reserved 1048576K
Event: 9120.898 GC heap after
Heap after GC invocations=1102 (full 254):
 PSYoungGen      total 58368K, used 608K [0x00000007bc400000, 0x00000007c0000000, 0x00000007c0000000)
  eden space 54784K, 0% used [0x00000007bc400000,0x00000007bc400000,0x00000007bf980000)
  from space 3584K, 16% used [0x00000007bfc80000,0x00000007bfd18000,0x00000007c0000000)
  to   space 3072K, 0% used [0x00000007bf980000,0x00000007bf980000,0x00000007bfc80000)
 ParOldGen       total 158208K, used 60446K [0x0000000700000000, 0x0000000709a80000, 0x00000007bc400000)
  object space 158208K, 38% used [0x0000000700000000,0x0000000703b07830,0x0000000709a80000)
 Metaspace       used 72478K, capacity 73111K, committed 73728K, reserved 1114112K
  class space    used 9492K, capacity 9639K, committed 9728K, reserved 1048576K
}
Event: 9127.232 GC heap before
{Heap before GC invocations=1103 (full 254):
 PSYoungGen      total 58368K, used 55392K [0x00000007bc400000, 0x00000007c0000000, 0x00000007c0000000)
  eden space 54784K, 100% used [0x00000007bc400000,0x00000007bf980000,0x00000007bf980000)
  from space 3584K, 16% used [0x00000007bfc80000,0x00000007bfd18000,0x00000007c0000000)
  to   space 3072K, 0% used [0x00000007bf980000,0x00000007bf980000,0x00000007bfc80000)
 ParOldGen       total 158208K, used 60446K [0x0000000700000000, 0x0000000709a80000, 0x00000007bc400000)
  object space 158208K, 38% used [0x0000000700000000,0x0000000703b07830,0x0000000709a80000)
 Metaspace       used 72493K, capacity 73111K, committed 73728K, reserved 1114112K
  class space    used 9492K, capacity 9639K, committed 9728K, reserved 1048576K
Event: 9127.240 GC heap after
Heap after GC invocations=1103 (full 254):
 PSYoungGen      total 57856K, used 800K [0x00000007bc400000, 0x00000007c0000000, 0x00000007c0000000)
  eden space 54784K, 0% used [0x00000007bc400000,0x00000007bc400000,0x00000007bf980000)
  from space 3072K, 26% used [0x00000007bf980000,0x00000007bfa48000,0x00000007bfc80000)
  to   space 3072K, 0% used [0x00000007bfd00000,0x00000007bfd00000,0x00000007c0000000)
 ParOldGen       total 158208K, used 60446K [0x0000000700000000, 0x0000000709a80000, 0x00000007bc400000)
  object space 158208K, 38% used [0x0000000700000000,0x0000000703b07830,0x0000000709a80000)
 Metaspace       used 72493K, capacity 73111K, committed 73728K, reserved 1114112K
  class space    used 9492K, capacity 9639K, committed 9728K, reserved 1048576K
}
Event: 9138.016 GC heap before
{Heap before GC invocations=1104 (full 254):
 PSYoungGen      total 57856K, used 55582K [0x00000007bc400000, 0x00000007c0000000, 0x00000007c0000000)
  eden space 54784K, 99% used [0x00000007bc400000,0x00000007bf97fbd0,0x00000007bf980000)
  from space 3072K, 26% used [0x00000007bf980000,0x00000007bfa48000,0x00000007bfc80000)
  to   space 3072K, 0% used [0x00000007bfd00000,0x00000007bfd00000,0x00000007c0000000)
 ParOldGen       total 158208K, used 60446K [0x0000000700000000, 0x0000000709a80000, 0x00000007bc400000)
  object space 158208K, 38% used [0x0000000700000000,0x0000000703b07830,0x0000000709a80000)
 Metaspace       used 72493K, capacity 73111K, committed 73728K, reserved 1114112K
  class space    used 9492K, capacity 9639K, committed 9728K, reserved 1048576K
Event: 9138.025 GC heap after
Heap after GC invocations=1104 (full 254):
 PSYoungGen      total 58368K, used 736K [0x00000007bc400000, 0x00000007c0000000, 0x00000007c0000000)
  eden space 55296K, 0% used [0x00000007bc400000,0x00000007bc400000,0x00000007bfa00000)
  from space 3072K, 23% used [0x00000007bfd00000,0x00000007bfdb8000,0x00000007c0000000)
  to   space 3072K, 0% used [0x00000007bfa00000,0x00000007bfa00000,0x00000007bfd00000)
 ParOldGen       total 158208K, used 60446K [0x0000000700000000, 0x0000000709a80000, 0x00000007bc400000)
  object space 158208K, 38% used [0x0000000700000000,0x0000000703b07830,0x0000000709a80000)
 Metaspace       used 72493K, capacity 73111K, committed 73728K, reserved 1114112K
  class space    used 9492K, capacity 9639K, committed 9728K, reserved 1048576K
}
Event: 9173.043 GC heap before
{Heap before GC invocations=1105 (full 254):
 PSYoungGen      total 58368K, used 56032K [0x00000007bc400000, 0x00000007c0000000, 0x00000007c0000000)
  eden space 55296K, 100% used [0x00000007bc400000,0x00000007bfa00000,0x00000007bfa00000)
  from space 3072K, 23% used [0x00000007bfd00000,0x00000007bfdb8000,0x00000007c0000000)
  to   space 3072K, 0% used [0x00000007bfa00000,0x00000007bfa00000,0x00000007bfd00000)
 ParOldGen       total 158208K, used 60446K [0x0000000700000000, 0x0000000709a80000, 0x00000007bc400000)
  object space 158208K, 38% used [0x0000000700000000,0x0000000703b07830,0x0000000709a80000)
 Metaspace       used 72493K, capacity 73111K, committed 73728K, reserved 1114112K
  class space    used 9492K, capacity 9639K, committed 9728K, reserved 1048576K
Event: 9173.050 GC heap after
Heap after GC invocations=1105 (full 254):
 PSYoungGen      total 58368K, used 1056K [0x00000007bc400000, 0x00000007c0000000, 0x00000007c0000000)
  eden space 55296K, 0% used [0x00000007bc400000,0x00000007bc400000,0x00000007bfa00000)
  from space 3072K, 34% used [0x00000007bfa00000,0x00000007bfb08000,0x00000007bfd00000)
  to   space 3072K, 0% used [0x00000007bfd00000,0x00000007bfd00000,0x00000007c0000000)
 ParOldGen       total 158208K, used 60446K [0x0000000700000000, 0x0000000709a80000, 0x00000007bc400000)
  object space 158208K, 38% used [0x0000000700000000,0x0000000703b07830,0x0000000709a80000)
 Metaspace       used 72493K, capacity 73111K, committed 73728K, reserved 1114112K
  class space    used 9492K, capacity 9639K, committed 9728K, reserved 1048576K
}
Event: 9176.348 GC heap before
{Heap before GC invocations=1106 (full 254):
 PSYoungGen      total 58368K, used 56352K [0x00000007bc400000, 0x00000007c0000000, 0x00000007c0000000)
  eden space 55296K, 100% used [0x00000007bc400000,0x00000007bfa00000,0x00000007bfa00000)
  from space 3072K, 34% used [0x00000007bfa00000,0x00000007bfb08000,0x00000007bfd00000)
  to   space 3072K, 0% used [0x00000007bfd00000,0x00000007bfd00000,0x00000007c0000000)
 ParOldGen       total 158208K, used 60446K [0x0000000700000000, 0x0000000709a80000, 0x00000007bc400000)
  object space 158208K, 38% used [0x0000000700000000,0x0000000703b07830,0x0000000709a80000)
 Metaspace       used 72495K, capacity 73111K, committed 73728K, reserved 1114112K
  class space    used 9492K, capacity 9639K, committed 9728K, reserved 1048576K
Event: 9176.357 GC heap after
Heap after GC invocations=1106 (full 254):
 PSYoungGen      total 58368K, used 1149K [0x00000007bc400000, 0x00000007c0000000, 0x00000007c0000000)
  eden space 55296K, 0% used [0x00000007bc400000,0x00000007bc400000,0x00000007bfa00000)
  from space 3072K, 37% used [0x00000007bfd00000,0x00000007bfe1f730,0x00000007c0000000)
  to   space 3072K, 0% used [0x00000007bfa00000,0x00000007bfa00000,0x00000007bfd00000)
 ParOldGen       total 158208K, used 60446K [0x0000000700000000, 0x0000000709a80000, 0x00000007bc400000)
  object space 158208K, 38% used [0x0000000700000000,0x0000000703b07830,0x0000000709a80000)
 Metaspace       used 72495K, capacity 73111K, committed 73728K, reserved 1114112K
  class space    used 9492K, capacity 9639K, committed 9728K, reserved 1048576K
}

