# JRE version: Java(TM) SE Runtime Environment (8.0_112-b15) (build 1.8.0_112-b15)
# Java VM: Java HotSpot(TM) 64-Bit Server VM (25.112-b15 mixed mode windows-amd64 compressed oops)
Heap:
 PSYoungGen      total 58880K, used 18033K [0x00000007bc400000, 0x00000007c0000000, 0x00000007c0000000)
  eden space 57344K, 28% used [0x00000007bc400000,0x00000007bd41cdc0,0x00000007bfc00000)
  from space 1536K, 99% used [0x00000007bfe80000,0x00000007bffff730,0x00000007c0000000)
  to   space 2048K, 0% used [0x00000007bfc00000,0x00000007bfc00000,0x00000007bfe00000)
 ParOldGen       total 116736K, used 64581K [0x0000000700000000, 0x0000000707200000, 0x00000007bc400000)
  object space 116736K, 55% used [0x0000000700000000,0x0000000703f11530,0x0000000707200000)
 Metaspace       used 71966K, capacity 72621K, committed 73216K, reserved 1112064K
  class space    used 9575K, capacity 9718K, committed 9728K, reserved 1048576K
GC Heap History (10 events):
Event: 13228.567 GC heap before
{Heap before GC invocations=1042 (full 362):
 PSYoungGen      total 59904K, used 59200K [0x00000007bc400000, 0x00000007c0000000, 0x00000007c0000000)
  eden space 58368K, 100% used [0x00000007bc400000,0x00000007bfd00000,0x00000007bfd00000)
  from space 1536K, 54% used [0x00000007bfd00000,0x00000007bfdd0000,0x00000007bfe80000)
  to   space 1536K, 0% used [0x00000007bfe80000,0x00000007bfe80000,0x00000007c0000000)
 ParOldGen       total 116736K, used 64549K [0x0000000700000000, 0x0000000707200000, 0x00000007bc400000)
  object space 116736K, 55% used [0x0000000700000000,0x0000000703f09530,0x0000000707200000)
 Metaspace       used 71906K, capacity 72621K, committed 73216K, reserved 1112064K
  class space    used 9575K, capacity 9718K, committed 9728K, reserved 1048576K
Event: 13228.572 GC heap after
Heap after GC invocations=1042 (full 362):
 PSYoungGen      total 59904K, used 864K [0x00000007bc400000, 0x00000007c0000000, 0x00000007c0000000)
  eden space 58368K, 0% used [0x00000007bc400000,0x00000007bc400000,0x00000007bfd00000)
  from space 1536K, 56% used [0x00000007bfe80000,0x00000007bff58000,0x00000007c0000000)
  to   space 1536K, 0% used [0x00000007bfd00000,0x00000007bfd00000,0x00000007bfe80000)
 ParOldGen       total 116736K, used 64549K [0x0000000700000000, 0x0000000707200000, 0x00000007bc400000)
  object space 116736K, 55% used [0x0000000700000000,0x0000000703f09530,0x0000000707200000)
 Metaspace       used 71906K, capacity 72621K, committed 73216K, reserved 1112064K
  class space    used 9575K, capacity 9718K, committed 9728K, reserved 1048576K
}
Event: 13231.738 GC heap before
{Heap before GC invocations=1043 (full 362):
 PSYoungGen      total 59904K, used 59232K [0x00000007bc400000, 0x00000007c0000000, 0x00000007c0000000)
  eden space 58368K, 100% used [0x00000007bc400000,0x00000007bfd00000,0x00000007bfd00000)
  from space 1536K, 56% used [0x00000007bfe80000,0x00000007bff58000,0x00000007c0000000)
  to   space 1536K, 0% used [0x00000007bfd00000,0x00000007bfd00000,0x00000007bfe80000)
 ParOldGen       total 116736K, used 64549K [0x0000000700000000, 0x0000000707200000, 0x00000007bc400000)
  object space 116736K, 55% used [0x0000000700000000,0x0000000703f09530,0x0000000707200000)
 Metaspace       used 71908K, capacity 72621K, committed 73216K, reserved 1112064K
  class space    used 9575K, capacity 9718K, committed 9728K, reserved 1048576K
Event: 13231.744 GC heap after
Heap after GC invocations=1043 (full 362):
 PSYoungGen      total 59904K, used 928K [0x00000007bc400000, 0x00000007c0000000, 0x00000007c0000000)
  eden space 58368K, 0% used [0x00000007bc400000,0x00000007bc400000,0x00000007bfd00000)
  from space 1536K, 60% used [0x00000007bfd00000,0x00000007bfde8000,0x00000007bfe80000)
  to   space 1536K, 0% used [0x00000007bfe80000,0x00000007bfe80000,0x00000007c0000000)
 ParOldGen       total 116736K, used 64549K [0x0000000700000000, 0x0000000707200000, 0x00000007bc400000)
  object space 116736K, 55% used [0x0000000700000000,0x0000000703f09530,0x0000000707200000)
 Metaspace       used 71908K, capacity 72621K, committed 73216K, reserved 1112064K
  class space    used 9575K, capacity 9718K, committed 9728K, reserved 1048576K
}
Event: 13240.115 GC heap before
{Heap before GC invocations=1044 (full 362):
 PSYoungGen      total 59904K, used 59296K [0x00000007bc400000, 0x00000007c0000000, 0x00000007c0000000)
  eden space 58368K, 100% used [0x00000007bc400000,0x00000007bfd00000,0x00000007bfd00000)
  from space 1536K, 60% used [0x00000007bfd00000,0x00000007bfde8000,0x00000007bfe80000)
  to   space 1536K, 0% used [0x00000007bfe80000,0x00000007bfe80000,0x00000007c0000000)
 ParOldGen       total 116736K, used 64549K [0x0000000700000000, 0x0000000707200000, 0x00000007bc400000)
  object space 116736K, 55% used [0x0000000700000000,0x0000000703f09530,0x0000000707200000)
 Metaspace       used 71933K, capacity 72621K, committed 73216K, reserved 1112064K
  class space    used 9575K, capacity 9718K, committed 9728K, reserved 1048576K
Event: 13240.121 GC heap after
Heap after GC invocations=1044 (full 362):
 PSYoungGen      total 59904K, used 1184K [0x00000007bc400000, 0x00000007c0000000, 0x00000007c0000000)
  eden space 58368K, 0% used [0x00000007bc400000,0x00000007bc400000,0x00000007bfd00000)
  from space 1536K, 77% used [0x00000007bfe80000,0x00000007bffa8000,0x00000007c0000000)
  to   space 1536K, 0% used [0x00000007bfd00000,0x00000007bfd00000,0x00000007bfe80000)
 ParOldGen       total 116736K, used 64549K [0x0000000700000000, 0x0000000707200000, 0x00000007bc400000)
  object space 116736K, 55% used [0x0000000700000000,0x0000000703f09530,0x0000000707200000)
 Metaspace       used 71933K, capacity 72621K, committed 73216K, reserved 1112064K
  class space    used 9575K, capacity 9718K, committed 9728K, reserved 1048576K
}
Event: 13243.783 GC heap before
{Heap before GC invocations=1045 (full 362):
 PSYoungGen      total 59904K, used 59552K [0x00000007bc400000, 0x00000007c0000000, 0x00000007c0000000)
  eden space 58368K, 100% used [0x00000007bc400000,0x00000007bfd00000,0x00000007bfd00000)
  from space 1536K, 77% used [0x00000007bfe80000,0x00000007bffa8000,0x00000007c0000000)
  to   space 1536K, 0% used [0x00000007bfd00000,0x00000007bfd00000,0x00000007bfe80000)
 ParOldGen       total 116736K, used 64549K [0x0000000700000000, 0x0000000707200000, 0x00000007bc400000)
  object space 116736K, 55% used [0x0000000700000000,0x0000000703f09530,0x0000000707200000)
 Metaspace       used 71938K, capacity 72621K, committed 73216K, reserved 1112064K
  class space    used 9575K, capacity 9718K, committed 9728K, reserved 1048576K
Event: 13243.789 GC heap after
Heap after GC invocations=1045 (full 362):
 PSYoungGen      total 59904K, used 1184K [0x00000007bc400000, 0x00000007c0000000, 0x00000007c0000000)
  eden space 58368K, 0% used [0x00000007bc400000,0x00000007bc400000,0x00000007bfd00000)
  from space 1536K, 77% used [0x00000007bfd00000,0x00000007bfe28000,0x00000007bfe80000)
  to   space 1536K, 0% used [0x00000007bfe80000,0x00000007bfe80000,0x00000007c0000000)
 ParOldGen       total 116736K, used 64549K [0x0000000700000000, 0x0000000707200000, 0x00000007bc400000)
  object space 116736K, 55% used [0x0000000700000000,0x0000000703f09530,0x0000000707200000)
 Metaspace       used 71938K, capacity 72621K, committed 73216K, reserved 1112064K
  class space    used 9575K, capacity 9718K, committed 9728K, reserved 1048576K
}
Event: 13257.433 GC heap before
{Heap before GC invocations=1046 (full 362):
 PSYoungGen      total 59904K, used 59552K [0x00000007bc400000, 0x00000007c0000000, 0x00000007c0000000)
  eden space 58368K, 100% used [0x00000007bc400000,0x00000007bfd00000,0x00000007bfd00000)
  from space 1536K, 77% used [0x00000007bfd00000,0x00000007bfe28000,0x00000007bfe80000)
  to   space 1536K, 0% used [0x00000007bfe80000,0x00000007bfe80000,0x00000007c0000000)
 ParOldGen       total 116736K, used 64549K [0x0000000700000000, 0x0000000707200000, 0x00000007bc400000)
  object space 116736K, 55% used [0x0000000700000000,0x0000000703f09530,0x0000000707200000)
 Metaspace       used 71964K, capacity 72621K, committed 73216K, reserved 1112064K
  class space    used 9575K, capacity 9718K, committed 9728K, reserved 1048576K
Event: 13257.440 GC heap after
Heap after GC invocations=1046 (full 362):
 PSYoungGen      total 58880K, used 1533K [0x00000007bc400000, 0x00000007c0000000, 0x00000007c0000000)
  eden space 57344K, 0% used [0x00000007bc400000,0x00000007bc400000,0x00000007bfc00000)
  from space 1536K, 99% used [0x00000007bfe80000,0x00000007bffff730,0x00000007c0000000)
  to   space 2048K, 0% used [0x00000007bfc00000,0x00000007bfc00000,0x00000007bfe00000)
 ParOldGen       total 116736K, used 64581K [0x0000000700000000, 0x0000000707200000, 0x00000007bc400000)
  object space 116736K, 55% used [0x0000000700000000,0x0000000703f11530,0x0000000707200000)
 Metaspace       used 71964K, capacity 72621K, committed 73216K, reserved 1112064K
  class space    used 9575K, capacity 9718K, committed 9728K, reserved 1048576K
}

