# JRE version: Java(TM) SE Runtime Environment (8.0_112-b15) (build 1.8.0_112-b15)
# Java VM: Java HotSpot(TM) 64-Bit Server VM (25.112-b15 mixed mode windows-amd64 compressed oops)
Heap:
 PSYoungGen      total 54784K, used 8444K [0x00000007bc400000, 0x00000007c0000000, 0x00000007c0000000)
  eden space 48128K, 10% used [0x00000007bc400000,0x00000007bc8d86b0,0x00000007bf300000)
  from space 6656K, 52% used [0x00000007bf980000,0x00000007bfce69e8,0x00000007c0000000)
  to   space 6656K, 0% used [0x00000007bf300000,0x00000007bf300000,0x00000007bf980000)
 ParOldGen       total 156160K, used 43236K [0x0000000700000000, 0x0000000709880000, 0x00000007bc400000)
  object space 156160K, 27% used [0x0000000700000000,0x0000000702a39248,0x0000000709880000)
 Metaspace       used 66924K, capacity 67483K, committed 67968K, reserved 1107968K
  class space    used 9411K, capacity 9525K, committed 9600K, reserved 1048576K
GC Heap History (10 events):
Event: 157.707 GC heap before
{Heap before GC invocations=65 (full 17):
 PSYoungGen      total 53760K, used 49859K [0x00000007bc400000, 0x00000007c0000000, 0x00000007c0000000)
  eden space 46592K, 100% used [0x00000007bc400000,0x00000007bf180000,0x00000007bf180000)
  from space 7168K, 45% used [0x00000007bf180000,0x00000007bf4b0e98,0x00000007bf880000)
  to   space 7168K, 0% used [0x00000007bf900000,0x00000007bf900000,0x00000007c0000000)
 ParOldGen       total 156160K, used 43228K [0x0000000700000000, 0x0000000709880000, 0x00000007bc400000)
  object space 156160K, 27% used [0x0000000700000000,0x0000000702a37248,0x0000000709880000)
 Metaspace       used 66589K, capacity 67133K, committed 67712K, reserved 1107968K
  class space    used 9398K, capacity 9520K, committed 9600K, reserved 1048576K
Event: 157.725 GC heap after
Heap after GC invocations=65 (full 17):
 PSYoungGen      total 54272K, used 3203K [0x00000007bc400000, 0x00000007c0000000, 0x00000007c0000000)
  eden space 47104K, 0% used [0x00000007bc400000,0x00000007bc400000,0x00000007bf200000)
  from space 7168K, 44% used [0x00000007bf900000,0x00000007bfc20e98,0x00000007c0000000)
  to   space 7168K, 0% used [0x00000007bf200000,0x00000007bf200000,0x00000007bf900000)
 ParOldGen       total 156160K, used 43236K [0x0000000700000000, 0x0000000709880000, 0x00000007bc400000)
  object space 156160K, 27% used [0x0000000700000000,0x0000000702a39248,0x0000000709880000)
 Metaspace       used 66589K, capacity 67133K, committed 67712K, reserved 1107968K
  class space    used 9398K, capacity 9520K, committed 9600K, reserved 1048576K
}
Event: 168.409 GC heap before
{Heap before GC invocations=66 (full 17):
 PSYoungGen      total 54272K, used 50307K [0x00000007bc400000, 0x00000007c0000000, 0x00000007c0000000)
  eden space 47104K, 100% used [0x00000007bc400000,0x00000007bf200000,0x00000007bf200000)
  from space 7168K, 44% used [0x00000007bf900000,0x00000007bfc20e98,0x00000007c0000000)
  to   space 7168K, 0% used [0x00000007bf200000,0x00000007bf200000,0x00000007bf900000)
 ParOldGen       total 156160K, used 43236K [0x0000000700000000, 0x0000000709880000, 0x00000007bc400000)
  object space 156160K, 27% used [0x0000000700000000,0x0000000702a39248,0x0000000709880000)
 Metaspace       used 66682K, capacity 67261K, committed 67712K, reserved 1107968K
  class space    used 9398K, capacity 9520K, committed 9600K, reserved 1048576K
Event: 168.421 GC heap after
Heap after GC invocations=66 (full 17):
 PSYoungGen      total 54272K, used 3139K [0x00000007bc400000, 0x00000007c0000000, 0x00000007c0000000)
  eden space 47104K, 0% used [0x00000007bc400000,0x00000007bc400000,0x00000007bf200000)
  from space 7168K, 43% used [0x00000007bf200000,0x00000007bf510e98,0x00000007bf900000)
  to   space 7168K, 0% used [0x00000007bf900000,0x00000007bf900000,0x00000007c0000000)
 ParOldGen       total 156160K, used 43236K [0x0000000700000000, 0x0000000709880000, 0x00000007bc400000)
  object space 156160K, 27% used [0x0000000700000000,0x0000000702a39248,0x0000000709880000)
 Metaspace       used 66682K, capacity 67261K, committed 67712K, reserved 1107968K
  class space    used 9398K, capacity 9520K, committed 9600K, reserved 1048576K
}
Event: 180.166 GC heap before
{Heap before GC invocations=67 (full 17):
 PSYoungGen      total 54272K, used 50243K [0x00000007bc400000, 0x00000007c0000000, 0x00000007c0000000)
  eden space 47104K, 100% used [0x00000007bc400000,0x00000007bf200000,0x00000007bf200000)
  from space 7168K, 43% used [0x00000007bf200000,0x00000007bf510e98,0x00000007bf900000)
  to   space 7168K, 0% used [0x00000007bf900000,0x00000007bf900000,0x00000007c0000000)
 ParOldGen       total 156160K, used 43236K [0x0000000700000000, 0x0000000709880000, 0x00000007bc400000)
  object space 156160K, 27% used [0x0000000700000000,0x0000000702a39248,0x0000000709880000)
 Metaspace       used 66727K, capacity 67331K, committed 67968K, reserved 1107968K
  class space    used 9400K, capacity 9521K, committed 9600K, reserved 1048576K
Event: 180.178 GC heap after
Heap after GC invocations=67 (full 17):
 PSYoungGen      total 54784K, used 3139K [0x00000007bc400000, 0x00000007c0000000, 0x00000007c0000000)
  eden space 47616K, 0% used [0x00000007bc400000,0x00000007bc400000,0x00000007bf280000)
  from space 7168K, 43% used [0x00000007bf900000,0x00000007bfc10e98,0x00000007c0000000)
  to   space 6656K, 0% used [0x00000007bf280000,0x00000007bf280000,0x00000007bf900000)
 ParOldGen       total 156160K, used 43236K [0x0000000700000000, 0x0000000709880000, 0x00000007bc400000)
  object space 156160K, 27% used [0x0000000700000000,0x0000000702a39248,0x0000000709880000)
 Metaspace       used 66727K, capacity 67331K, committed 67968K, reserved 1107968K
  class space    used 9400K, capacity 9521K, committed 9600K, reserved 1048576K
}
Event: 185.196 GC heap before
{Heap before GC invocations=68 (full 17):
 PSYoungGen      total 54784K, used 50755K [0x00000007bc400000, 0x00000007c0000000, 0x00000007c0000000)
  eden space 47616K, 100% used [0x00000007bc400000,0x00000007bf280000,0x00000007bf280000)
  from space 7168K, 43% used [0x00000007bf900000,0x00000007bfc10e98,0x00000007c0000000)
  to   space 6656K, 0% used [0x00000007bf280000,0x00000007bf280000,0x00000007bf900000)
 ParOldGen       total 156160K, used 43236K [0x0000000700000000, 0x0000000709880000, 0x00000007bc400000)
  object space 156160K, 27% used [0x0000000700000000,0x0000000702a39248,0x0000000709880000)
 Metaspace       used 66822K, capacity 67401K, committed 67968K, reserved 1107968K
  class space    used 9401K, capacity 9522K, committed 9600K, reserved 1048576K
Event: 185.207 GC heap after
Heap after GC invocations=68 (full 17):
 PSYoungGen      total 54272K, used 3531K [0x00000007bc400000, 0x00000007c0000000, 0x00000007c0000000)
  eden space 47616K, 0% used [0x00000007bc400000,0x00000007bc400000,0x00000007bf280000)
  from space 6656K, 53% used [0x00000007bf280000,0x00000007bf5f2ea8,0x00000007bf900000)
  to   space 6656K, 0% used [0x00000007bf980000,0x00000007bf980000,0x00000007c0000000)
 ParOldGen       total 156160K, used 43236K [0x0000000700000000, 0x0000000709880000, 0x00000007bc400000)
  object space 156160K, 27% used [0x0000000700000000,0x0000000702a39248,0x0000000709880000)
 Metaspace       used 66822K, capacity 67401K, committed 67968K, reserved 1107968K
  class space    used 9401K, capacity 9522K, committed 9600K, reserved 1048576K
}
Event: 200.255 GC heap before
{Heap before GC invocations=69 (full 17):
 PSYoungGen      total 54272K, used 51147K [0x00000007bc400000, 0x00000007c0000000, 0x00000007c0000000)
  eden space 47616K, 100% used [0x00000007bc400000,0x00000007bf280000,0x00000007bf280000)
  from space 6656K, 53% used [0x00000007bf280000,0x00000007bf5f2ea8,0x00000007bf900000)
  to   space 6656K, 0% used [0x00000007bf980000,0x00000007bf980000,0x00000007c0000000)
 ParOldGen       total 156160K, used 43236K [0x0000000700000000, 0x0000000709880000, 0x00000007bc400000)
  object space 156160K, 27% used [0x0000000700000000,0x0000000702a39248,0x0000000709880000)
 Metaspace       used 66923K, capacity 67483K, committed 67968K, reserved 1107968K
  class space    used 9411K, capacity 9525K, committed 9600K, reserved 1048576K
Event: 200.293 GC heap after
Heap after GC invocations=69 (full 17):
 PSYoungGen      total 54784K, used 3482K [0x00000007bc400000, 0x00000007c0000000, 0x00000007c0000000)
  eden space 48128K, 0% used [0x00000007bc400000,0x00000007bc400000,0x00000007bf300000)
  from space 6656K, 52% used [0x00000007bf980000,0x00000007bfce69e8,0x00000007c0000000)
  to   space 6656K, 0% used [0x00000007bf300000,0x00000007bf300000,0x00000007bf980000)
 ParOldGen       total 156160K, used 43236K [0x0000000700000000, 0x0000000709880000, 0x00000007bc400000)
  object space 156160K, 27% used [0x0000000700000000,0x0000000702a39248,0x0000000709880000)
 Metaspace       used 66923K, capacity 67483K, committed 67968K, reserved 1107968K
  class space    used 9411K, capacity 9525K, committed 9600K, reserved 1048576K
}

