# JRE version: Java(TM) SE Runtime Environment (8.0_112-b15) (build 1.8.0_112-b15)
# Java VM: Java HotSpot(TM) 64-Bit Server VM (25.112-b15 mixed mode windows-amd64 compressed oops)
Heap:
 PSYoungGen      total 55808K, used 17070K [0x00000007bc400000, 0x00000007c0000000, 0x00000007c0000000)
  eden space 49664K, 32% used [0x00000007bc400000,0x00000007bd38dce8,0x00000007bf480000)
  from space 6144K, 18% used [0x00000007bfa00000,0x00000007bfb1db50,0x00000007c0000000)
  to   space 5632K, 0% used [0x00000007bf480000,0x00000007bf480000,0x00000007bfa00000)
 ParOldGen       total 116736K, used 46960K [0x0000000700000000, 0x0000000707200000, 0x00000007bc400000)
  object space 116736K, 40% used [0x0000000700000000,0x0000000702ddc280,0x0000000707200000)
 Metaspace       used 67709K, capacity 68333K, committed 68736K, reserved 1107968K
  class space    used 9420K, capacity 9542K, committed 9600K, reserved 1048576K
GC Heap History (10 events):
Event: 342.833 GC heap before
{Heap before GC invocations=82 (full 14):
 PSYoungGen      total 54272K, used 47744K [0x00000007bc400000, 0x00000007c0000000, 0x00000007c0000000)
  eden space 47104K, 100% used [0x00000007bc400000,0x00000007bf200000,0x00000007bf200000)
  from space 7168K, 8% used [0x00000007bf200000,0x00000007bf2a0000,0x00000007bf900000)
  to   space 7168K, 0% used [0x00000007bf900000,0x00000007bf900000,0x00000007c0000000)
 ParOldGen       total 116736K, used 46960K [0x0000000700000000, 0x0000000707200000, 0x00000007bc400000)
  object space 116736K, 40% used [0x0000000700000000,0x0000000702ddc280,0x0000000707200000)
 Metaspace       used 67619K, capacity 68269K, committed 68736K, reserved 1107968K
  class space    used 9411K, capacity 9542K, committed 9600K, reserved 1048576K
Event: 342.839 GC heap after
Heap after GC invocations=82 (full 14):
 PSYoungGen      total 54784K, used 608K [0x00000007bc400000, 0x00000007c0000000, 0x00000007c0000000)
  eden space 47616K, 0% used [0x00000007bc400000,0x00000007bc400000,0x00000007bf280000)
  from space 7168K, 8% used [0x00000007bf900000,0x00000007bf998000,0x00000007c0000000)
  to   space 6656K, 0% used [0x00000007bf280000,0x00000007bf280000,0x00000007bf900000)
 ParOldGen       total 116736K, used 46960K [0x0000000700000000, 0x0000000707200000, 0x00000007bc400000)
  object space 116736K, 40% used [0x0000000700000000,0x0000000702ddc280,0x0000000707200000)
 Metaspace       used 67619K, capacity 68269K, committed 68736K, reserved 1107968K
  class space    used 9411K, capacity 9542K, committed 9600K, reserved 1048576K
}
Event: 345.251 GC heap before
{Heap before GC invocations=83 (full 14):
 PSYoungGen      total 54784K, used 48224K [0x00000007bc400000, 0x00000007c0000000, 0x00000007c0000000)
  eden space 47616K, 100% used [0x00000007bc400000,0x00000007bf280000,0x00000007bf280000)
  from space 7168K, 8% used [0x00000007bf900000,0x00000007bf998000,0x00000007c0000000)
  to   space 6656K, 0% used [0x00000007bf280000,0x00000007bf280000,0x00000007bf900000)
 ParOldGen       total 116736K, used 46960K [0x0000000700000000, 0x0000000707200000, 0x00000007bc400000)
  object space 116736K, 40% used [0x0000000700000000,0x0000000702ddc280,0x0000000707200000)
 Metaspace       used 67620K, capacity 68269K, committed 68736K, reserved 1107968K
  class space    used 9411K, capacity 9542K, committed 9600K, reserved 1048576K
Event: 345.258 GC heap after
Heap after GC invocations=83 (full 14):
 PSYoungGen      total 54272K, used 608K [0x00000007bc400000, 0x00000007c0000000, 0x00000007c0000000)
  eden space 47616K, 0% used [0x00000007bc400000,0x00000007bc400000,0x00000007bf280000)
  from space 6656K, 9% used [0x00000007bf280000,0x00000007bf318000,0x00000007bf900000)
  to   space 6656K, 0% used [0x00000007bf980000,0x00000007bf980000,0x00000007c0000000)
 ParOldGen       total 116736K, used 46960K [0x0000000700000000, 0x0000000707200000, 0x00000007bc400000)
  object space 116736K, 40% used [0x0000000700000000,0x0000000702ddc280,0x0000000707200000)
 Metaspace       used 67620K, capacity 68269K, committed 68736K, reserved 1107968K
  class space    used 9411K, capacity 9542K, committed 9600K, reserved 1048576K
}
Event: 349.088 GC heap before
{Heap before GC invocations=84 (full 14):
 PSYoungGen      total 54272K, used 48224K [0x00000007bc400000, 0x00000007c0000000, 0x00000007c0000000)
  eden space 47616K, 100% used [0x00000007bc400000,0x00000007bf280000,0x00000007bf280000)
  from space 6656K, 9% used [0x00000007bf280000,0x00000007bf318000,0x00000007bf900000)
  to   space 6656K, 0% used [0x00000007bf980000,0x00000007bf980000,0x00000007c0000000)
 ParOldGen       total 116736K, used 46960K [0x0000000700000000, 0x0000000707200000, 0x00000007bc400000)
  object space 116736K, 40% used [0x0000000700000000,0x0000000702ddc280,0x0000000707200000)
 Metaspace       used 67632K, capacity 68269K, committed 68736K, reserved 1107968K
  class space    used 9411K, capacity 9542K, committed 9600K, reserved 1048576K
Event: 349.094 GC heap after
Heap after GC invocations=84 (full 14):
 PSYoungGen      total 55296K, used 704K [0x00000007bc400000, 0x00000007c0000000, 0x00000007c0000000)
  eden space 48640K, 0% used [0x00000007bc400000,0x00000007bc400000,0x00000007bf380000)
  from space 6656K, 10% used [0x00000007bf980000,0x00000007bfa30000,0x00000007c0000000)
  to   space 6144K, 0% used [0x00000007bf380000,0x00000007bf380000,0x00000007bf980000)
 ParOldGen       total 116736K, used 46960K [0x0000000700000000, 0x0000000707200000, 0x00000007bc400000)
  object space 116736K, 40% used [0x0000000700000000,0x0000000702ddc280,0x0000000707200000)
 Metaspace       used 67632K, capacity 68269K, committed 68736K, reserved 1107968K
  class space    used 9411K, capacity 9542K, committed 9600K, reserved 1048576K
}
Event: 352.868 GC heap before
{Heap before GC invocations=85 (full 14):
 PSYoungGen      total 55296K, used 49344K [0x00000007bc400000, 0x00000007c0000000, 0x00000007c0000000)
  eden space 48640K, 100% used [0x00000007bc400000,0x00000007bf380000,0x00000007bf380000)
  from space 6656K, 10% used [0x00000007bf980000,0x00000007bfa30000,0x00000007c0000000)
  to   space 6144K, 0% used [0x00000007bf380000,0x00000007bf380000,0x00000007bf980000)
 ParOldGen       total 116736K, used 46960K [0x0000000700000000, 0x0000000707200000, 0x00000007bc400000)
  object space 116736K, 40% used [0x0000000700000000,0x0000000702ddc280,0x0000000707200000)
 Metaspace       used 67655K, capacity 68269K, committed 68736K, reserved 1107968K
  class space    used 9411K, capacity 9542K, committed 9600K, reserved 1048576K
Event: 352.874 GC heap after
Heap after GC invocations=85 (full 14):
 PSYoungGen      total 54784K, used 768K [0x00000007bc400000, 0x00000007c0000000, 0x00000007c0000000)
  eden space 48640K, 0% used [0x00000007bc400000,0x00000007bc400000,0x00000007bf380000)
  from space 6144K, 12% used [0x00000007bf380000,0x00000007bf440000,0x00000007bf980000)
  to   space 6144K, 0% used [0x00000007bfa00000,0x00000007bfa00000,0x00000007c0000000)
 ParOldGen       total 116736K, used 46960K [0x0000000700000000, 0x0000000707200000, 0x00000007bc400000)
  object space 116736K, 40% used [0x0000000700000000,0x0000000702ddc280,0x0000000707200000)
 Metaspace       used 67655K, capacity 68269K, committed 68736K, reserved 1107968K
  class space    used 9411K, capacity 9542K, committed 9600K, reserved 1048576K
}
Event: 355.810 GC heap before
{Heap before GC invocations=86 (full 14):
 PSYoungGen      total 54784K, used 49408K [0x00000007bc400000, 0x00000007c0000000, 0x00000007c0000000)
  eden space 48640K, 100% used [0x00000007bc400000,0x00000007bf380000,0x00000007bf380000)
  from space 6144K, 12% used [0x00000007bf380000,0x00000007bf440000,0x00000007bf980000)
  to   space 6144K, 0% used [0x00000007bfa00000,0x00000007bfa00000,0x00000007c0000000)
 ParOldGen       total 116736K, used 46960K [0x0000000700000000, 0x0000000707200000, 0x00000007bc400000)
  object space 116736K, 40% used [0x0000000700000000,0x0000000702ddc280,0x0000000707200000)
 Metaspace       used 67705K, capacity 68333K, committed 68736K, reserved 1107968K
  class space    used 9420K, capacity 9542K, committed 9600K, reserved 1048576K
Event: 355.819 GC heap after
Heap after GC invocations=86 (full 14):
 PSYoungGen      total 55808K, used 1142K [0x00000007bc400000, 0x00000007c0000000, 0x00000007c0000000)
  eden space 49664K, 0% used [0x00000007bc400000,0x00000007bc400000,0x00000007bf480000)
  from space 6144K, 18% used [0x00000007bfa00000,0x00000007bfb1db50,0x00000007c0000000)
  to   space 5632K, 0% used [0x00000007bf480000,0x00000007bf480000,0x00000007bfa00000)
 ParOldGen       total 116736K, used 46960K [0x0000000700000000, 0x0000000707200000, 0x00000007bc400000)
  object space 116736K, 40% used [0x0000000700000000,0x0000000702ddc280,0x0000000707200000)
 Metaspace       used 67705K, capacity 68333K, committed 68736K, reserved 1107968K
  class space    used 9420K, capacity 9542K, committed 9600K, reserved 1048576K
}

