# JRE version: Java(TM) SE Runtime Environment (8.0_112-b15) (build 1.8.0_112-b15)
# Java VM: Java HotSpot(TM) 64-Bit Server VM (25.112-b15 mixed mode windows-amd64 compressed oops)
Heap:
 PSYoungGen      total 59392K, used 53381K [0x00000007bc400000, 0x00000007c0000000, 0x00000007c0000000)
  eden space 58368K, 91% used [0x00000007bc400000,0x00000007bf821470,0x00000007bfd00000)
  from space 1024K, 0% used [0x00000007bff00000,0x00000007bff00000,0x00000007c0000000)
  to   space 1536K, 0% used [0x00000007bfd00000,0x00000007bfd00000,0x00000007bfe80000)
 ParOldGen       total 124928K, used 60223K [0x0000000700000000, 0x0000000707a00000, 0x00000007bc400000)
  object space 124928K, 48% used [0x0000000700000000,0x0000000703acfcd0,0x0000000707a00000)
 Metaspace       used 75232K, capacity 75983K, committed 76672K, reserved 1116160K
  class space    used 10148K, capacity 10309K, committed 10368K, reserved 1048576K
GC Heap History (10 events):
Event: 4484.527 GC heap before
{Heap before GC invocations=987 (full 254):
 PSYoungGen      total 60416K, used 59872K [0x00000007bc400000, 0x00000007c0000000, 0x00000007c0000000)
  eden space 59392K, 100% used [0x00000007bc400000,0x00000007bfe00000,0x00000007bfe00000)
  from space 1024K, 46% used [0x00000007bff00000,0x00000007bff78000,0x00000007c0000000)
  to   space 1024K, 0% used [0x00000007bfe00000,0x00000007bfe00000,0x00000007bff00000)
 ParOldGen       total 124928K, used 61387K [0x0000000700000000, 0x0000000707a00000, 0x00000007bc400000)
  object space 124928K, 49% used [0x0000000700000000,0x0000000703bf2e88,0x0000000707a00000)
 Metaspace       used 75225K, capacity 75983K, committed 76672K, reserved 1116160K
  class space    used 10148K, capacity 10309K, committed 10368K, reserved 1048576K
Event: 4484.532 GC heap after
Heap after GC invocations=987 (full 254):
 PSYoungGen      total 60416K, used 576K [0x00000007bc400000, 0x00000007c0000000, 0x00000007c0000000)
  eden space 59392K, 0% used [0x00000007bc400000,0x00000007bc400000,0x00000007bfe00000)
  from space 1024K, 56% used [0x00000007bfe00000,0x00000007bfe90000,0x00000007bff00000)
  to   space 1024K, 0% used [0x00000007bff00000,0x00000007bff00000,0x00000007c0000000)
 ParOldGen       total 124928K, used 61403K [0x0000000700000000, 0x0000000707a00000, 0x00000007bc400000)
  object space 124928K, 49% used [0x0000000700000000,0x0000000703bf6e88,0x0000000707a00000)
 Metaspace       used 75225K, capacity 75983K, committed 76672K, reserved 1116160K
  class space    used 10148K, capacity 10309K, committed 10368K, reserved 1048576K
}
Event: 4489.702 GC heap before
{Heap before GC invocations=988 (full 254):
 PSYoungGen      total 60416K, used 59968K [0x00000007bc400000, 0x00000007c0000000, 0x00000007c0000000)
  eden space 59392K, 100% used [0x00000007bc400000,0x00000007bfe00000,0x00000007bfe00000)
  from space 1024K, 56% used [0x00000007bfe00000,0x00000007bfe90000,0x00000007bff00000)
  to   space 1024K, 0% used [0x00000007bff00000,0x00000007bff00000,0x00000007c0000000)
 ParOldGen       total 124928K, used 61403K [0x0000000700000000, 0x0000000707a00000, 0x00000007bc400000)
  object space 124928K, 49% used [0x0000000700000000,0x0000000703bf6e88,0x0000000707a00000)
 Metaspace       used 75225K, capacity 75983K, committed 76672K, reserved 1116160K
  class space    used 10148K, capacity 10309K, committed 10368K, reserved 1048576K
Event: 4489.707 GC heap after
Heap after GC invocations=988 (full 254):
 PSYoungGen      total 60416K, used 768K [0x00000007bc400000, 0x00000007c0000000, 0x00000007c0000000)
  eden space 59392K, 0% used [0x00000007bc400000,0x00000007bc400000,0x00000007bfe00000)
  from space 1024K, 75% used [0x00000007bff00000,0x00000007bffc0000,0x00000007c0000000)
  to   space 1024K, 0% used [0x00000007bfe00000,0x00000007bfe00000,0x00000007bff00000)
 ParOldGen       total 124928K, used 61403K [0x0000000700000000, 0x0000000707a00000, 0x00000007bc400000)
  object space 124928K, 49% used [0x0000000700000000,0x0000000703bf6e88,0x0000000707a00000)
 Metaspace       used 75225K, capacity 75983K, committed 76672K, reserved 1116160K
  class space    used 10148K, capacity 10309K, committed 10368K, reserved 1048576K
}
Event: 4499.258 GC heap before
{Heap before GC invocations=989 (full 254):
 PSYoungGen      total 60416K, used 60160K [0x00000007bc400000, 0x00000007c0000000, 0x00000007c0000000)
  eden space 59392K, 100% used [0x00000007bc400000,0x00000007bfe00000,0x00000007bfe00000)
  from space 1024K, 75% used [0x00000007bff00000,0x00000007bffc0000,0x00000007c0000000)
  to   space 1024K, 0% used [0x00000007bfe00000,0x00000007bfe00000,0x00000007bff00000)
 ParOldGen       total 124928K, used 61403K [0x0000000700000000, 0x0000000707a00000, 0x00000007bc400000)
  object space 124928K, 49% used [0x0000000700000000,0x0000000703bf6e88,0x0000000707a00000)
 Metaspace       used 75225K, capacity 75983K, committed 76672K, reserved 1116160K
  class space    used 10148K, capacity 10309K, committed 10368K, reserved 1048576K
Event: 4499.264 GC heap after
Heap after GC invocations=989 (full 254):
 PSYoungGen      total 60416K, used 896K [0x00000007bc400000, 0x00000007c0000000, 0x00000007c0000000)
  eden space 59392K, 0% used [0x00000007bc400000,0x00000007bc400000,0x00000007bfe00000)
  from space 1024K, 87% used [0x00000007bfe00000,0x00000007bfee0000,0x00000007bff00000)
  to   space 1024K, 0% used [0x00000007bff00000,0x00000007bff00000,0x00000007c0000000)
 ParOldGen       total 124928K, used 61403K [0x0000000700000000, 0x0000000707a00000, 0x00000007bc400000)
  object space 124928K, 49% used [0x0000000700000000,0x0000000703bf6e88,0x0000000707a00000)
 Metaspace       used 75225K, capacity 75983K, committed 76672K, reserved 1116160K
  class space    used 10148K, capacity 10309K, committed 10368K, reserved 1048576K
}
Event: 4500.538 GC heap before
{Heap before GC invocations=990 (full 254):
 PSYoungGen      total 60416K, used 30963K [0x00000007bc400000, 0x00000007c0000000, 0x00000007c0000000)
  eden space 59392K, 50% used [0x00000007bc400000,0x00000007be15cef0,0x00000007bfe00000)
  from space 1024K, 87% used [0x00000007bfe00000,0x00000007bfee0000,0x00000007bff00000)
  to   space 1024K, 0% used [0x00000007bff00000,0x00000007bff00000,0x00000007c0000000)
 ParOldGen       total 124928K, used 61403K [0x0000000700000000, 0x0000000707a00000, 0x00000007bc400000)
  object space 124928K, 49% used [0x0000000700000000,0x0000000703bf6e88,0x0000000707a00000)
 Metaspace       used 75227K, capacity 75983K, committed 76672K, reserved 1116160K
  class space    used 10148K, capacity 10309K, committed 10368K, reserved 1048576K
Event: 4500.544 GC heap after
Heap after GC invocations=990 (full 254):
 PSYoungGen      total 59392K, used 800K [0x00000007bc400000, 0x00000007c0000000, 0x00000007c0000000)
  eden space 58368K, 0% used [0x00000007bc400000,0x00000007bc400000,0x00000007bfd00000)
  from space 1024K, 78% used [0x00000007bff00000,0x00000007bffc8000,0x00000007c0000000)
  to   space 1536K, 0% used [0x00000007bfd00000,0x00000007bfd00000,0x00000007bfe80000)
 ParOldGen       total 124928K, used 61403K [0x0000000700000000, 0x0000000707a00000, 0x00000007bc400000)
  object space 124928K, 49% used [0x0000000700000000,0x0000000703bf6e88,0x0000000707a00000)
 Metaspace       used 75227K, capacity 75983K, committed 76672K, reserved 1116160K
  class space    used 10148K, capacity 10309K, committed 10368K, reserved 1048576K
}
Event: 4500.544 GC heap before
{Heap before GC invocations=991 (full 255):
 PSYoungGen      total 59392K, used 800K [0x00000007bc400000, 0x00000007c0000000, 0x00000007c0000000)
  eden space 58368K, 0% used [0x00000007bc400000,0x00000007bc400000,0x00000007bfd00000)
  from space 1024K, 78% used [0x00000007bff00000,0x00000007bffc8000,0x00000007c0000000)
  to   space 1536K, 0% used [0x00000007bfd00000,0x00000007bfd00000,0x00000007bfe80000)
 ParOldGen       total 124928K, used 61403K [0x0000000700000000, 0x0000000707a00000, 0x00000007bc400000)
  object space 124928K, 49% used [0x0000000700000000,0x0000000703bf6e88,0x0000000707a00000)
 Metaspace       used 75227K, capacity 75983K, committed 76672K, reserved 1116160K
  class space    used 10148K, capacity 10309K, committed 10368K, reserved 1048576K
Event: 4500.743 GC heap after
Heap after GC invocations=991 (full 255):
 PSYoungGen      total 59392K, used 0K [0x00000007bc400000, 0x00000007c0000000, 0x00000007c0000000)
  eden space 58368K, 0% used [0x00000007bc400000,0x00000007bc400000,0x00000007bfd00000)
  from space 1024K, 0% used [0x00000007bff00000,0x00000007bff00000,0x00000007c0000000)
  to   space 1536K, 0% used [0x00000007bfd00000,0x00000007bfd00000,0x00000007bfe80000)
 ParOldGen       total 124928K, used 60223K [0x0000000700000000, 0x0000000707a00000, 0x00000007bc400000)
  object space 124928K, 48% used [0x0000000700000000,0x0000000703acfcd0,0x0000000707a00000)
 Metaspace       used 75227K, capacity 75983K, committed 76672K, reserved 1116160K
  class space    used 10148K, capacity 10309K, committed 10368K, reserved 1048576K
}

