# JRE version: Java(TM) SE Runtime Environment (8.0_112-b15) (build 1.8.0_112-b15)
# Java VM: Java HotSpot(TM) 64-Bit Server VM (25.112-b15 mixed mode windows-amd64 compressed oops)
Heap:
 PSYoungGen      total 59904K, used 4203K [0x00000007bc400000, 0x00000007c0000000, 0x00000007c0000000)
  eden space 59392K, 6% used [0x00000007bc400000,0x00000007bc79b5f0,0x00000007bfe00000)
  from space 512K, 99% used [0x00000007bff80000,0x00000007bffff730,0x00000007c0000000)
  to   space 1024K, 0% used [0x00000007bfe00000,0x00000007bfe00000,0x00000007bff00000)
 ParOldGen       total 159744K, used 53653K [0x0000000700000000, 0x0000000709c00000, 0x00000007bc400000)
  object space 159744K, 33% used [0x0000000700000000,0x0000000703465750,0x0000000709c00000)
 Metaspace       used 69006K, capacity 69635K, committed 70272K, reserved 1110016K
  class space    used 9398K, capacity 9535K, committed 9600K, reserved 1048576K
GC Heap History (10 events):
Event: 1144.289 GC heap before
{Heap before GC invocations=368 (full 150):
 PSYoungGen      total 60928K, used 224K [0x00000007bc400000, 0x00000007c0000000, 0x00000007c0000000)
  eden space 60416K, 0% used [0x00000007bc400000,0x00000007bc400000,0x00000007bff00000)
  from space 512K, 43% used [0x00000007bff80000,0x00000007bffb8000,0x00000007c0000000)
  to   space 512K, 0% used [0x00000007bff00000,0x00000007bff00000,0x00000007bff80000)
 ParOldGen       total 159744K, used 52796K [0x0000000700000000, 0x0000000709c00000, 0x00000007bc400000)
  object space 159744K, 33% used [0x0000000700000000,0x000000070338f228,0x0000000709c00000)
 Metaspace       used 68929K, capacity 69571K, committed 70272K, reserved 1110016K
  class space    used 9398K, capacity 9535K, committed 9600K, reserved 1048576K
Event: 1144.490 GC heap after
Heap after GC invocations=368 (full 150):
 PSYoungGen      total 60928K, used 0K [0x00000007bc400000, 0x00000007c0000000, 0x00000007c0000000)
  eden space 60416K, 0% used [0x00000007bc400000,0x00000007bc400000,0x00000007bff00000)
  from space 512K, 0% used [0x00000007bff80000,0x00000007bff80000,0x00000007c0000000)
  to   space 512K, 0% used [0x00000007bff00000,0x00000007bff00000,0x00000007bff80000)
 ParOldGen       total 159744K, used 52725K [0x0000000700000000, 0x0000000709c00000, 0x00000007bc400000)
  object space 159744K, 33% used [0x0000000700000000,0x000000070337d658,0x0000000709c00000)
 Metaspace       used 68929K, capacity 69571K, committed 70272K, reserved 1110016K
  class space    used 9398K, capacity 9535K, committed 9600K, reserved 1048576K
}
Event: 1156.422 GC heap before
{Heap before GC invocations=369 (full 150):
 PSYoungGen      total 60928K, used 60416K [0x00000007bc400000, 0x00000007c0000000, 0x00000007c0000000)
  eden space 60416K, 100% used [0x00000007bc400000,0x00000007bff00000,0x00000007bff00000)
  from space 512K, 0% used [0x00000007bff80000,0x00000007bff80000,0x00000007c0000000)
  to   space 512K, 0% used [0x00000007bff00000,0x00000007bff00000,0x00000007bff80000)
 ParOldGen       total 159744K, used 52725K [0x0000000700000000, 0x0000000709c00000, 0x00000007bc400000)
  object space 159744K, 33% used [0x0000000700000000,0x000000070337d658,0x0000000709c00000)
 Metaspace       used 68934K, capacity 69571K, committed 70272K, reserved 1110016K
  class space    used 9398K, capacity 9535K, committed 9600K, reserved 1048576K
Event: 1156.428 GC heap after
Heap after GC invocations=369 (full 150):
 PSYoungGen      total 60928K, used 384K [0x00000007bc400000, 0x00000007c0000000, 0x00000007c0000000)
  eden space 60416K, 0% used [0x00000007bc400000,0x00000007bc400000,0x00000007bff00000)
  from space 512K, 75% used [0x00000007bff00000,0x00000007bff60000,0x00000007bff80000)
  to   space 512K, 0% used [0x00000007bff80000,0x00000007bff80000,0x00000007c0000000)
 ParOldGen       total 159744K, used 52725K [0x0000000700000000, 0x0000000709c00000, 0x00000007bc400000)
  object space 159744K, 33% used [0x0000000700000000,0x000000070337d658,0x0000000709c00000)
 Metaspace       used 68934K, capacity 69571K, committed 70272K, reserved 1110016K
  class space    used 9398K, capacity 9535K, committed 9600K, reserved 1048576K
}
Event: 1186.705 GC heap before
{Heap before GC invocations=370 (full 150):
 PSYoungGen      total 60928K, used 60800K [0x00000007bc400000, 0x00000007c0000000, 0x00000007c0000000)
  eden space 60416K, 100% used [0x00000007bc400000,0x00000007bff00000,0x00000007bff00000)
  from space 512K, 75% used [0x00000007bff00000,0x00000007bff60000,0x00000007bff80000)
  to   space 512K, 0% used [0x00000007bff80000,0x00000007bff80000,0x00000007c0000000)
 ParOldGen       total 159744K, used 52725K [0x0000000700000000, 0x0000000709c00000, 0x00000007bc400000)
  object space 159744K, 33% used [0x0000000700000000,0x000000070337d658,0x0000000709c00000)
 Metaspace       used 68947K, capacity 69571K, committed 70272K, reserved 1110016K
  class space    used 9398K, capacity 9535K, committed 9600K, reserved 1048576K
Event: 1186.712 GC heap after
Heap after GC invocations=370 (full 150):
 PSYoungGen      total 60928K, used 320K [0x00000007bc400000, 0x00000007c0000000, 0x00000007c0000000)
  eden space 60416K, 0% used [0x00000007bc400000,0x00000007bc400000,0x00000007bff00000)
  from space 512K, 62% used [0x00000007bff80000,0x00000007bffd0000,0x00000007c0000000)
  to   space 512K, 0% used [0x00000007bff00000,0x00000007bff00000,0x00000007bff80000)
 ParOldGen       total 159744K, used 52725K [0x0000000700000000, 0x0000000709c00000, 0x00000007bc400000)
  object space 159744K, 33% used [0x0000000700000000,0x000000070337d658,0x0000000709c00000)
 Metaspace       used 68947K, capacity 69571K, committed 70272K, reserved 1110016K
  class space    used 9398K, capacity 9535K, committed 9600K, reserved 1048576K
}
Event: 1218.054 GC heap before
{Heap before GC invocations=371 (full 150):
 PSYoungGen      total 60928K, used 60736K [0x00000007bc400000, 0x00000007c0000000, 0x00000007c0000000)
  eden space 60416K, 100% used [0x00000007bc400000,0x00000007bff00000,0x00000007bff00000)
  from space 512K, 62% used [0x00000007bff80000,0x00000007bffd0000,0x00000007c0000000)
  to   space 512K, 0% used [0x00000007bff00000,0x00000007bff00000,0x00000007bff80000)
 ParOldGen       total 159744K, used 52725K [0x0000000700000000, 0x0000000709c00000, 0x00000007bc400000)
  object space 159744K, 33% used [0x0000000700000000,0x000000070337d658,0x0000000709c00000)
 Metaspace       used 68967K, capacity 69635K, committed 70272K, reserved 1110016K
  class space    used 9398K, capacity 9535K, committed 9600K, reserved 1048576K
Event: 1218.061 GC heap after
Heap after GC invocations=371 (full 150):
 PSYoungGen      total 60928K, used 448K [0x00000007bc400000, 0x00000007c0000000, 0x00000007c0000000)
  eden space 60416K, 0% used [0x00000007bc400000,0x00000007bc400000,0x00000007bff00000)
  from space 512K, 87% used [0x00000007bff00000,0x00000007bff70000,0x00000007bff80000)
  to   space 512K, 0% used [0x00000007bff80000,0x00000007bff80000,0x00000007c0000000)
 ParOldGen       total 159744K, used 52725K [0x0000000700000000, 0x0000000709c00000, 0x00000007bc400000)
  object space 159744K, 33% used [0x0000000700000000,0x000000070337d658,0x0000000709c00000)
 Metaspace       used 68967K, capacity 69635K, committed 70272K, reserved 1110016K
  class space    used 9398K, capacity 9535K, committed 9600K, reserved 1048576K
}
Event: 1224.195 GC heap before
{Heap before GC invocations=372 (full 150):
 PSYoungGen      total 60928K, used 60864K [0x00000007bc400000, 0x00000007c0000000, 0x00000007c0000000)
  eden space 60416K, 100% used [0x00000007bc400000,0x00000007bff00000,0x00000007bff00000)
  from space 512K, 87% used [0x00000007bff00000,0x00000007bff70000,0x00000007bff80000)
  to   space 512K, 0% used [0x00000007bff80000,0x00000007bff80000,0x00000007c0000000)
 ParOldGen       total 159744K, used 52725K [0x0000000700000000, 0x0000000709c00000, 0x00000007bc400000)
  object space 159744K, 33% used [0x0000000700000000,0x000000070337d658,0x0000000709c00000)
 Metaspace       used 69006K, capacity 69635K, committed 70272K, reserved 1110016K
  class space    used 9398K, capacity 9535K, committed 9600K, reserved 1048576K
Event: 1224.203 GC heap after
Heap after GC invocations=372 (full 150):
 PSYoungGen      total 59904K, used 509K [0x00000007bc400000, 0x00000007c0000000, 0x00000007c0000000)
  eden space 59392K, 0% used [0x00000007bc400000,0x00000007bc400000,0x00000007bfe00000)
  from space 512K, 99% used [0x00000007bff80000,0x00000007bffff730,0x00000007c0000000)
  to   space 1024K, 0% used [0x00000007bfe00000,0x00000007bfe00000,0x00000007bff00000)
 ParOldGen       total 159744K, used 53653K [0x0000000700000000, 0x0000000709c00000, 0x00000007bc400000)
  object space 159744K, 33% used [0x0000000700000000,0x0000000703465750,0x0000000709c00000)
 Metaspace       used 69006K, capacity 69635K, committed 70272K, reserved 1110016K
  class space    used 9398K, capacity 9535K, committed 9600K, reserved 1048576K
}

