# JRE version: Java(TM) SE Runtime Environment (8.0_112-b15) (build 1.8.0_112-b15)
# Java VM: Java HotSpot(TM) 64-Bit Server VM (25.112-b15 mixed mode windows-amd64 compressed oops)
Heap:
 PSYoungGen      total 59392K, used 49813K [0x00000007bc400000, 0x00000007c0000000, 0x00000007c0000000)
  eden space 57344K, 83% used [0x00000007bc400000,0x00000007bf2e94f0,0x00000007bfc00000)
  from space 2048K, 86% used [0x00000007bfe00000,0x00000007bffbc040,0x00000007c0000000)
  to   space 2048K, 0% used [0x00000007bfc00000,0x00000007bfc00000,0x00000007bfe00000)
 ParOldGen       total 121856K, used 58598K [0x0000000700000000, 0x0000000707700000, 0x00000007bc400000)
  object space 121856K, 48% used [0x0000000700000000,0x0000000703939958,0x0000000707700000)
 Metaspace       used 72067K, capacity 72829K, committed 73472K, reserved 1114112K
  class space    used 9513K, capacity 9658K, committed 9728K, reserved 1048576K
GC Heap History (10 events):
Event: 21426.021 GC heap before
{Heap before GC invocations=1039 (full 301):
 PSYoungGen      total 59392K, used 58080K [0x00000007bc400000, 0x00000007c0000000, 0x00000007c0000000)
  eden space 57344K, 100% used [0x00000007bc400000,0x00000007bfc00000,0x00000007bfc00000)
  from space 2048K, 35% used [0x00000007bfc00000,0x00000007bfcb8000,0x00000007bfe00000)
  to   space 2048K, 0% used [0x00000007bfe00000,0x00000007bfe00000,0x00000007c0000000)
 ParOldGen       total 121856K, used 58590K [0x0000000700000000, 0x0000000707700000, 0x00000007bc400000)
  object space 121856K, 48% used [0x0000000700000000,0x0000000703937958,0x0000000707700000)
 Metaspace       used 72038K, capacity 72765K, committed 73472K, reserved 1114112K
  class space    used 9513K, capacity 9658K, committed 9728K, reserved 1048576K
Event: 21426.041 GC heap after
Heap after GC invocations=1039 (full 301):
 PSYoungGen      total 59392K, used 626K [0x00000007bc400000, 0x00000007c0000000, 0x00000007c0000000)
  eden space 57344K, 0% used [0x00000007bc400000,0x00000007bc400000,0x00000007bfc00000)
  from space 2048K, 30% used [0x00000007bfe00000,0x00000007bfe9c910,0x00000007c0000000)
  to   space 2048K, 0% used [0x00000007bfc00000,0x00000007bfc00000,0x00000007bfe00000)
 ParOldGen       total 121856K, used 58590K [0x0000000700000000, 0x0000000707700000, 0x00000007bc400000)
  object space 121856K, 48% used [0x0000000700000000,0x0000000703937958,0x0000000707700000)
 Metaspace       used 72038K, capacity 72765K, committed 73472K, reserved 1114112K
  class space    used 9513K, capacity 9658K, committed 9728K, reserved 1048576K
}
Event: 21433.144 GC heap before
{Heap before GC invocations=1040 (full 301):
 PSYoungGen      total 59392K, used 57970K [0x00000007bc400000, 0x00000007c0000000, 0x00000007c0000000)
  eden space 57344K, 100% used [0x00000007bc400000,0x00000007bfc00000,0x00000007bfc00000)
  from space 2048K, 30% used [0x00000007bfe00000,0x00000007bfe9c910,0x00000007c0000000)
  to   space 2048K, 0% used [0x00000007bfc00000,0x00000007bfc00000,0x00000007bfe00000)
 ParOldGen       total 121856K, used 58590K [0x0000000700000000, 0x0000000707700000, 0x00000007bc400000)
  object space 121856K, 48% used [0x0000000700000000,0x0000000703937958,0x0000000707700000)
 Metaspace       used 72044K, capacity 72765K, committed 73472K, reserved 1114112K
  class space    used 9513K, capacity 9658K, committed 9728K, reserved 1048576K
Event: 21433.153 GC heap after
Heap after GC invocations=1040 (full 301):
 PSYoungGen      total 59392K, used 946K [0x00000007bc400000, 0x00000007c0000000, 0x00000007c0000000)
  eden space 57344K, 0% used [0x00000007bc400000,0x00000007bc400000,0x00000007bfc00000)
  from space 2048K, 46% used [0x00000007bfc00000,0x00000007bfcec910,0x00000007bfe00000)
  to   space 2048K, 0% used [0x00000007bfe00000,0x00000007bfe00000,0x00000007c0000000)
 ParOldGen       total 121856K, used 58590K [0x0000000700000000, 0x0000000707700000, 0x00000007bc400000)
  object space 121856K, 48% used [0x0000000700000000,0x0000000703937958,0x0000000707700000)
 Metaspace       used 72044K, capacity 72765K, committed 73472K, reserved 1114112K
  class space    used 9513K, capacity 9658K, committed 9728K, reserved 1048576K
}
Event: 21437.148 GC heap before
{Heap before GC invocations=1041 (full 301):
 PSYoungGen      total 59392K, used 58290K [0x00000007bc400000, 0x00000007c0000000, 0x00000007c0000000)
  eden space 57344K, 100% used [0x00000007bc400000,0x00000007bfc00000,0x00000007bfc00000)
  from space 2048K, 46% used [0x00000007bfc00000,0x00000007bfcec910,0x00000007bfe00000)
  to   space 2048K, 0% used [0x00000007bfe00000,0x00000007bfe00000,0x00000007c0000000)
 ParOldGen       total 121856K, used 58590K [0x0000000700000000, 0x0000000707700000, 0x00000007bc400000)
  object space 121856K, 48% used [0x0000000700000000,0x0000000703937958,0x0000000707700000)
 Metaspace       used 72046K, capacity 72765K, committed 73472K, reserved 1114112K
  class space    used 9513K, capacity 9658K, committed 9728K, reserved 1048576K
Event: 21437.160 GC heap after
Heap after GC invocations=1041 (full 301):
 PSYoungGen      total 59392K, used 1010K [0x00000007bc400000, 0x00000007c0000000, 0x00000007c0000000)
  eden space 57344K, 0% used [0x00000007bc400000,0x00000007bc400000,0x00000007bfc00000)
  from space 2048K, 49% used [0x00000007bfe00000,0x00000007bfefc910,0x00000007c0000000)
  to   space 2048K, 0% used [0x00000007bfc00000,0x00000007bfc00000,0x00000007bfe00000)
 ParOldGen       total 121856K, used 58590K [0x0000000700000000, 0x0000000707700000, 0x00000007bc400000)
  object space 121856K, 48% used [0x0000000700000000,0x0000000703937958,0x0000000707700000)
 Metaspace       used 72046K, capacity 72765K, committed 73472K, reserved 1114112K
  class space    used 9513K, capacity 9658K, committed 9728K, reserved 1048576K
}
Event: 21441.467 GC heap before
{Heap before GC invocations=1042 (full 301):
 PSYoungGen      total 59392K, used 58354K [0x00000007bc400000, 0x00000007c0000000, 0x00000007c0000000)
  eden space 57344K, 100% used [0x00000007bc400000,0x00000007bfc00000,0x00000007bfc00000)
  from space 2048K, 49% used [0x00000007bfe00000,0x00000007bfefc910,0x00000007c0000000)
  to   space 2048K, 0% used [0x00000007bfc00000,0x00000007bfc00000,0x00000007bfe00000)
 ParOldGen       total 121856K, used 58590K [0x0000000700000000, 0x0000000707700000, 0x00000007bc400000)
  object space 121856K, 48% used [0x0000000700000000,0x0000000703937958,0x0000000707700000)
 Metaspace       used 72047K, capacity 72765K, committed 73472K, reserved 1114112K
  class space    used 9513K, capacity 9658K, committed 9728K, reserved 1048576K
Event: 21441.486 GC heap after
Heap after GC invocations=1042 (full 301):
 PSYoungGen      total 59392K, used 1074K [0x00000007bc400000, 0x00000007c0000000, 0x00000007c0000000)
  eden space 57344K, 0% used [0x00000007bc400000,0x00000007bc400000,0x00000007bfc00000)
  from space 2048K, 52% used [0x00000007bfc00000,0x00000007bfd0c910,0x00000007bfe00000)
  to   space 2048K, 0% used [0x00000007bfe00000,0x00000007bfe00000,0x00000007c0000000)
 ParOldGen       total 121856K, used 58590K [0x0000000700000000, 0x0000000707700000, 0x00000007bc400000)
  object space 121856K, 48% used [0x0000000700000000,0x0000000703937958,0x0000000707700000)
 Metaspace       used 72047K, capacity 72765K, committed 73472K, reserved 1114112K
  class space    used 9513K, capacity 9658K, committed 9728K, reserved 1048576K
}
Event: 21446.227 GC heap before
{Heap before GC invocations=1043 (full 301):
 PSYoungGen      total 59392K, used 58418K [0x00000007bc400000, 0x00000007c0000000, 0x00000007c0000000)
  eden space 57344K, 100% used [0x00000007bc400000,0x00000007bfc00000,0x00000007bfc00000)
  from space 2048K, 52% used [0x00000007bfc00000,0x00000007bfd0c910,0x00000007bfe00000)
  to   space 2048K, 0% used [0x00000007bfe00000,0x00000007bfe00000,0x00000007c0000000)
 ParOldGen       total 121856K, used 58590K [0x0000000700000000, 0x0000000707700000, 0x00000007bc400000)
  object space 121856K, 48% used [0x0000000700000000,0x0000000703937958,0x0000000707700000)
 Metaspace       used 72065K, capacity 72829K, committed 73472K, reserved 1114112K
  class space    used 9513K, capacity 9658K, committed 9728K, reserved 1048576K
Event: 21446.251 GC heap after
Heap after GC invocations=1043 (full 301):
 PSYoungGen      total 59392K, used 1776K [0x00000007bc400000, 0x00000007c0000000, 0x00000007c0000000)
  eden space 57344K, 0% used [0x00000007bc400000,0x00000007bc400000,0x00000007bfc00000)
  from space 2048K, 86% used [0x00000007bfe00000,0x00000007bffbc040,0x00000007c0000000)
  to   space 2048K, 0% used [0x00000007bfc00000,0x00000007bfc00000,0x00000007bfe00000)
 ParOldGen       total 121856K, used 58598K [0x0000000700000000, 0x0000000707700000, 0x00000007bc400000)
  object space 121856K, 48% used [0x0000000700000000,0x0000000703939958,0x0000000707700000)
 Metaspace       used 72065K, capacity 72829K, committed 73472K, reserved 1114112K
  class space    used 9513K, capacity 9658K, committed 9728K, reserved 1048576K
}

