# JRE version: Java(TM) SE Runtime Environment (8.0_112-b15) (build 1.8.0_112-b15)
# Java VM: Java HotSpot(TM) 64-Bit Server VM (25.112-b15 mixed mode windows-amd64 compressed oops)
Heap:
 PSYoungGen      total 57856K, used 14707K [0x00000007bc400000, 0x00000007c0000000, 0x00000007c0000000)
  eden space 54784K, 25% used [0x00000007bc400000,0x00000007bd18cd70,0x00000007bf980000)
  from space 3072K, 27% used [0x00000007bf980000,0x00000007bfa50000,0x00000007bfc80000)
  to   space 3072K, 0% used [0x00000007bfd00000,0x00000007bfd00000,0x00000007c0000000)
 ParOldGen       total 146944K, used 81779K [0x0000000700000000, 0x0000000708f80000, 0x00000007bc400000)
  object space 146944K, 55% used [0x0000000700000000,0x0000000704fdcf50,0x0000000708f80000)
 Metaspace       used 80619K, capacity 81463K, committed 82048K, reserved 1120256K
  class space    used 11402K, capacity 11559K, committed 11648K, reserved 1048576K
GC Heap History (10 events):
Event: 13240.602 GC heap before
{Heap before GC invocations=1835 (full 226):
 PSYoungGen      total 57856K, used 1919K [0x00000007bc400000, 0x00000007c0000000, 0x00000007c0000000)
  eden space 54272K, 0% used [0x00000007bc400000,0x00000007bc400000,0x00000007bf900000)
  from space 3584K, 53% used [0x00000007bf900000,0x00000007bfadfe28,0x00000007bfc80000)
  to   space 3584K, 0% used [0x00000007bfc80000,0x00000007bfc80000,0x00000007c0000000)
 ParOldGen       total 146944K, used 82161K [0x0000000700000000, 0x0000000708f80000, 0x00000007bc400000)
  object space 146944K, 55% used [0x0000000700000000,0x000000070503c4f8,0x0000000708f80000)
 Metaspace       used 80602K, capacity 81463K, committed 82048K, reserved 1120256K
  class space    used 11401K, capacity 11559K, committed 11648K, reserved 1048576K
Event: 13240.790 GC heap after
Heap after GC invocations=1835 (full 226):
 PSYoungGen      total 57856K, used 0K [0x00000007bc400000, 0x00000007c0000000, 0x00000007c0000000)
  eden space 54272K, 0% used [0x00000007bc400000,0x00000007bc400000,0x00000007bf900000)
  from space 3584K, 0% used [0x00000007bf900000,0x00000007bf900000,0x00000007bfc80000)
  to   space 3584K, 0% used [0x00000007bfc80000,0x00000007bfc80000,0x00000007c0000000)
 ParOldGen       total 146944K, used 81755K [0x0000000700000000, 0x0000000708f80000, 0x00000007bc400000)
  object space 146944K, 55% used [0x0000000700000000,0x0000000704fd6f50,0x0000000708f80000)
 Metaspace       used 80602K, capacity 81463K, committed 82048K, reserved 1120256K
  class space    used 11401K, capacity 11559K, committed 11648K, reserved 1048576K
}
Event: 13243.870 GC heap before
{Heap before GC invocations=1836 (full 226):
 PSYoungGen      total 57856K, used 54272K [0x00000007bc400000, 0x00000007c0000000, 0x00000007c0000000)
  eden space 54272K, 100% used [0x00000007bc400000,0x00000007bf900000,0x00000007bf900000)
  from space 3584K, 0% used [0x00000007bf900000,0x00000007bf900000,0x00000007bfc80000)
  to   space 3584K, 0% used [0x00000007bfc80000,0x00000007bfc80000,0x00000007c0000000)
 ParOldGen       total 146944K, used 81755K [0x0000000700000000, 0x0000000708f80000, 0x00000007bc400000)
  object space 146944K, 55% used [0x0000000700000000,0x0000000704fd6f50,0x0000000708f80000)
 Metaspace       used 80609K, capacity 81463K, committed 82048K, reserved 1120256K
  class space    used 11401K, capacity 11559K, committed 11648K, reserved 1048576K
Event: 13243.875 GC heap after
Heap after GC invocations=1836 (full 226):
 PSYoungGen      total 57856K, used 320K [0x00000007bc400000, 0x00000007c0000000, 0x00000007c0000000)
  eden space 54272K, 0% used [0x00000007bc400000,0x00000007bc400000,0x00000007bf900000)
  from space 3584K, 8% used [0x00000007bfc80000,0x00000007bfcd0000,0x00000007c0000000)
  to   space 3584K, 0% used [0x00000007bf900000,0x00000007bf900000,0x00000007bfc80000)
 ParOldGen       total 146944K, used 81755K [0x0000000700000000, 0x0000000708f80000, 0x00000007bc400000)
  object space 146944K, 55% used [0x0000000700000000,0x0000000704fd6f50,0x0000000708f80000)
 Metaspace       used 80609K, capacity 81463K, committed 82048K, reserved 1120256K
  class space    used 11401K, capacity 11559K, committed 11648K, reserved 1048576K
}
Event: 13248.529 GC heap before
{Heap before GC invocations=1837 (full 226):
 PSYoungGen      total 57856K, used 54592K [0x00000007bc400000, 0x00000007c0000000, 0x00000007c0000000)
  eden space 54272K, 100% used [0x00000007bc400000,0x00000007bf900000,0x00000007bf900000)
  from space 3584K, 8% used [0x00000007bfc80000,0x00000007bfcd0000,0x00000007c0000000)
  to   space 3584K, 0% used [0x00000007bf900000,0x00000007bf900000,0x00000007bfc80000)
 ParOldGen       total 146944K, used 81755K [0x0000000700000000, 0x0000000708f80000, 0x00000007bc400000)
  object space 146944K, 55% used [0x0000000700000000,0x0000000704fd6f50,0x0000000708f80000)
 Metaspace       used 80609K, capacity 81463K, committed 82048K, reserved 1120256K
  class space    used 11401K, capacity 11559K, committed 11648K, reserved 1048576K
Event: 13248.534 GC heap after
Heap after GC invocations=1837 (full 226):
 PSYoungGen      total 57856K, used 352K [0x00000007bc400000, 0x00000007c0000000, 0x00000007c0000000)
  eden space 54272K, 0% used [0x00000007bc400000,0x00000007bc400000,0x00000007bf900000)
  from space 3584K, 9% used [0x00000007bf900000,0x00000007bf958000,0x00000007bfc80000)
  to   space 3584K, 0% used [0x00000007bfc80000,0x00000007bfc80000,0x00000007c0000000)
 ParOldGen       total 146944K, used 81779K [0x0000000700000000, 0x0000000708f80000, 0x00000007bc400000)
  object space 146944K, 55% used [0x0000000700000000,0x0000000704fdcf50,0x0000000708f80000)
 Metaspace       used 80609K, capacity 81463K, committed 82048K, reserved 1120256K
  class space    used 11401K, capacity 11559K, committed 11648K, reserved 1048576K
}
Event: 13251.772 GC heap before
{Heap before GC invocations=1838 (full 226):
 PSYoungGen      total 57856K, used 54624K [0x00000007bc400000, 0x00000007c0000000, 0x00000007c0000000)
  eden space 54272K, 100% used [0x00000007bc400000,0x00000007bf900000,0x00000007bf900000)
  from space 3584K, 9% used [0x00000007bf900000,0x00000007bf958000,0x00000007bfc80000)
  to   space 3584K, 0% used [0x00000007bfc80000,0x00000007bfc80000,0x00000007c0000000)
 ParOldGen       total 146944K, used 81779K [0x0000000700000000, 0x0000000708f80000, 0x00000007bc400000)
  object space 146944K, 55% used [0x0000000700000000,0x0000000704fdcf50,0x0000000708f80000)
 Metaspace       used 80614K, capacity 81463K, committed 82048K, reserved 1120256K
  class space    used 11401K, capacity 11559K, committed 11648K, reserved 1048576K
Event: 13251.776 GC heap after
Heap after GC invocations=1838 (full 226):
 PSYoungGen      total 58368K, used 672K [0x00000007bc400000, 0x00000007c0000000, 0x00000007c0000000)
  eden space 54784K, 0% used [0x00000007bc400000,0x00000007bc400000,0x00000007bf980000)
  from space 3584K, 18% used [0x00000007bfc80000,0x00000007bfd28000,0x00000007c0000000)
  to   space 3072K, 0% used [0x00000007bf980000,0x00000007bf980000,0x00000007bfc80000)
 ParOldGen       total 146944K, used 81779K [0x0000000700000000, 0x0000000708f80000, 0x00000007bc400000)
  object space 146944K, 55% used [0x0000000700000000,0x0000000704fdcf50,0x0000000708f80000)
 Metaspace       used 80614K, capacity 81463K, committed 82048K, reserved 1120256K
  class space    used 11401K, capacity 11559K, committed 11648K, reserved 1048576K
}
Event: 13254.516 GC heap before
{Heap before GC invocations=1839 (full 226):
 PSYoungGen      total 58368K, used 55456K [0x00000007bc400000, 0x00000007c0000000, 0x00000007c0000000)
  eden space 54784K, 100% used [0x00000007bc400000,0x00000007bf980000,0x00000007bf980000)
  from space 3584K, 18% used [0x00000007bfc80000,0x00000007bfd28000,0x00000007c0000000)
  to   space 3072K, 0% used [0x00000007bf980000,0x00000007bf980000,0x00000007bfc80000)
 ParOldGen       total 146944K, used 81779K [0x0000000700000000, 0x0000000708f80000, 0x00000007bc400000)
  object space 146944K, 55% used [0x0000000700000000,0x0000000704fdcf50,0x0000000708f80000)
 Metaspace       used 80617K, capacity 81463K, committed 82048K, reserved 1120256K
  class space    used 11402K, capacity 11559K, committed 11648K, reserved 1048576K
Event: 13254.521 GC heap after
Heap after GC invocations=1839 (full 226):
 PSYoungGen      total 57856K, used 832K [0x00000007bc400000, 0x00000007c0000000, 0x00000007c0000000)
  eden space 54784K, 0% used [0x00000007bc400000,0x00000007bc400000,0x00000007bf980000)
  from space 3072K, 27% used [0x00000007bf980000,0x00000007bfa50000,0x00000007bfc80000)
  to   space 3072K, 0% used [0x00000007bfd00000,0x00000007bfd00000,0x00000007c0000000)
 ParOldGen       total 146944K, used 81779K [0x0000000700000000, 0x0000000708f80000, 0x00000007bc400000)
  object space 146944K, 55% used [0x0000000700000000,0x0000000704fdcf50,0x0000000708f80000)
 Metaspace       used 80617K, capacity 81463K, committed 82048K, reserved 1120256K
  class space    used 11402K, capacity 11559K, committed 11648K, reserved 1048576K
}

