# JRE version: Java(TM) SE Runtime Environment (8.0_112-b15) (build 1.8.0_112-b15)
# Java VM: Java HotSpot(TM) 64-Bit Server VM (25.112-b15 mixed mode windows-amd64 compressed oops)
Heap:
 PSYoungGen      total 59904K, used 47135K [0x00000007bc400000, 0x00000007c0000000, 0x00000007c0000000)
  eden space 58368K, 79% used [0x00000007bc400000,0x00000007bf137d80,0x00000007bfd00000)
  from space 1536K, 54% used [0x00000007bfe80000,0x00000007bff50000,0x00000007c0000000)
  to   space 1536K, 0% used [0x00000007bfd00000,0x00000007bfd00000,0x00000007bfe80000)
 ParOldGen       total 130048K, used 54149K [0x0000000700000000, 0x0000000707f00000, 0x00000007bc400000)
  object space 130048K, 41% used [0x0000000700000000,0x00000007034e1470,0x0000000707f00000)
 Metaspace       used 71442K, capacity 72065K, committed 72704K, reserved 1112064K
  class space    used 9516K, capacity 9642K, committed 9728K, reserved 1048576K
GC Heap History (10 events):
Event: 6007.299 GC heap before
{Heap before GC invocations=615 (full 153):
 PSYoungGen      total 59904K, used 59136K [0x00000007bc400000, 0x00000007c0000000, 0x00000007c0000000)
  eden space 58368K, 100% used [0x00000007bc400000,0x00000007bfd00000,0x00000007bfd00000)
  from space 1536K, 50% used [0x00000007bfd00000,0x00000007bfdc0000,0x00000007bfe80000)
  to   space 1536K, 0% used [0x00000007bfe80000,0x00000007bfe80000,0x00000007c0000000)
 ParOldGen       total 130048K, used 53984K [0x0000000700000000, 0x0000000707f00000, 0x00000007bc400000)
  object space 130048K, 41% used [0x0000000700000000,0x00000007034b8290,0x0000000707f00000)
 Metaspace       used 71436K, capacity 72065K, committed 72704K, reserved 1112064K
  class space    used 9516K, capacity 9642K, committed 9728K, reserved 1048576K
Event: 6007.306 GC heap after
Heap after GC invocations=615 (full 153):
 PSYoungGen      total 59904K, used 800K [0x00000007bc400000, 0x00000007c0000000, 0x00000007c0000000)
  eden space 58368K, 0% used [0x00000007bc400000,0x00000007bc400000,0x00000007bfd00000)
  from space 1536K, 52% used [0x00000007bfe80000,0x00000007bff48000,0x00000007c0000000)
  to   space 1536K, 0% used [0x00000007bfd00000,0x00000007bfd00000,0x00000007bfe80000)
 ParOldGen       total 130048K, used 53984K [0x0000000700000000, 0x0000000707f00000, 0x00000007bc400000)
  object space 130048K, 41% used [0x0000000700000000,0x00000007034b8290,0x0000000707f00000)
 Metaspace       used 71436K, capacity 72065K, committed 72704K, reserved 1112064K
  class space    used 9516K, capacity 9642K, committed 9728K, reserved 1048576K
}
Event: 6013.691 GC heap before
{Heap before GC invocations=616 (full 153):
 PSYoungGen      total 59904K, used 59168K [0x00000007bc400000, 0x00000007c0000000, 0x00000007c0000000)
  eden space 58368K, 100% used [0x00000007bc400000,0x00000007bfd00000,0x00000007bfd00000)
  from space 1536K, 52% used [0x00000007bfe80000,0x00000007bff48000,0x00000007c0000000)
  to   space 1536K, 0% used [0x00000007bfd00000,0x00000007bfd00000,0x00000007bfe80000)
 ParOldGen       total 130048K, used 53984K [0x0000000700000000, 0x0000000707f00000, 0x00000007bc400000)
  object space 130048K, 41% used [0x0000000700000000,0x00000007034b8290,0x0000000707f00000)
 Metaspace       used 71436K, capacity 72065K, committed 72704K, reserved 1112064K
  class space    used 9516K, capacity 9642K, committed 9728K, reserved 1048576K
Event: 6013.698 GC heap after
Heap after GC invocations=616 (full 153):
 PSYoungGen      total 59904K, used 704K [0x00000007bc400000, 0x00000007c0000000, 0x00000007c0000000)
  eden space 58368K, 0% used [0x00000007bc400000,0x00000007bc400000,0x00000007bfd00000)
  from space 1536K, 45% used [0x00000007bfd00000,0x00000007bfdb0000,0x00000007bfe80000)
  to   space 1536K, 0% used [0x00000007bfe80000,0x00000007bfe80000,0x00000007c0000000)
 ParOldGen       total 130048K, used 53984K [0x0000000700000000, 0x0000000707f00000, 0x00000007bc400000)
  object space 130048K, 41% used [0x0000000700000000,0x00000007034b8290,0x0000000707f00000)
 Metaspace       used 71436K, capacity 72065K, committed 72704K, reserved 1112064K
  class space    used 9516K, capacity 9642K, committed 9728K, reserved 1048576K
}
Event: 6018.132 GC heap before
{Heap before GC invocations=617 (full 153):
 PSYoungGen      total 59904K, used 59072K [0x00000007bc400000, 0x00000007c0000000, 0x00000007c0000000)
  eden space 58368K, 100% used [0x00000007bc400000,0x00000007bfd00000,0x00000007bfd00000)
  from space 1536K, 45% used [0x00000007bfd00000,0x00000007bfdb0000,0x00000007bfe80000)
  to   space 1536K, 0% used [0x00000007bfe80000,0x00000007bfe80000,0x00000007c0000000)
 ParOldGen       total 130048K, used 53984K [0x0000000700000000, 0x0000000707f00000, 0x00000007bc400000)
  object space 130048K, 41% used [0x0000000700000000,0x00000007034b8290,0x0000000707f00000)
 Metaspace       used 71439K, capacity 72065K, committed 72704K, reserved 1112064K
  class space    used 9516K, capacity 9642K, committed 9728K, reserved 1048576K
Event: 6018.139 GC heap after
Heap after GC invocations=617 (full 153):
 PSYoungGen      total 59904K, used 672K [0x00000007bc400000, 0x00000007c0000000, 0x00000007c0000000)
  eden space 58368K, 0% used [0x00000007bc400000,0x00000007bc400000,0x00000007bfd00000)
  from space 1536K, 43% used [0x00000007bfe80000,0x00000007bff28000,0x00000007c0000000)
  to   space 1536K, 0% used [0x00000007bfd00000,0x00000007bfd00000,0x00000007bfe80000)
 ParOldGen       total 130048K, used 54117K [0x0000000700000000, 0x0000000707f00000, 0x00000007bc400000)
  object space 130048K, 41% used [0x0000000700000000,0x00000007034d9470,0x0000000707f00000)
 Metaspace       used 71439K, capacity 72065K, committed 72704K, reserved 1112064K
  class space    used 9516K, capacity 9642K, committed 9728K, reserved 1048576K
}
Event: 6023.588 GC heap before
{Heap before GC invocations=618 (full 153):
 PSYoungGen      total 59904K, used 59040K [0x00000007bc400000, 0x00000007c0000000, 0x00000007c0000000)
  eden space 58368K, 100% used [0x00000007bc400000,0x00000007bfd00000,0x00000007bfd00000)
  from space 1536K, 43% used [0x00000007bfe80000,0x00000007bff28000,0x00000007c0000000)
  to   space 1536K, 0% used [0x00000007bfd00000,0x00000007bfd00000,0x00000007bfe80000)
 ParOldGen       total 130048K, used 54117K [0x0000000700000000, 0x0000000707f00000, 0x00000007bc400000)
  object space 130048K, 41% used [0x0000000700000000,0x00000007034d9470,0x0000000707f00000)
 Metaspace       used 71439K, capacity 72065K, committed 72704K, reserved 1112064K
  class space    used 9516K, capacity 9642K, committed 9728K, reserved 1048576K
Event: 6023.596 GC heap after
Heap after GC invocations=618 (full 153):
 PSYoungGen      total 59904K, used 832K [0x00000007bc400000, 0x00000007c0000000, 0x00000007c0000000)
  eden space 58368K, 0% used [0x00000007bc400000,0x00000007bc400000,0x00000007bfd00000)
  from space 1536K, 54% used [0x00000007bfd00000,0x00000007bfdd0000,0x00000007bfe80000)
  to   space 1536K, 0% used [0x00000007bfe80000,0x00000007bfe80000,0x00000007c0000000)
 ParOldGen       total 130048K, used 54149K [0x0000000700000000, 0x0000000707f00000, 0x00000007bc400000)
  object space 130048K, 41% used [0x0000000700000000,0x00000007034e1470,0x0000000707f00000)
 Metaspace       used 71439K, capacity 72065K, committed 72704K, reserved 1112064K
  class space    used 9516K, capacity 9642K, committed 9728K, reserved 1048576K
}
Event: 6029.489 GC heap before
{Heap before GC invocations=619 (full 153):
 PSYoungGen      total 59904K, used 59200K [0x00000007bc400000, 0x00000007c0000000, 0x00000007c0000000)
  eden space 58368K, 100% used [0x00000007bc400000,0x00000007bfd00000,0x00000007bfd00000)
  from space 1536K, 54% used [0x00000007bfd00000,0x00000007bfdd0000,0x00000007bfe80000)
  to   space 1536K, 0% used [0x00000007bfe80000,0x00000007bfe80000,0x00000007c0000000)
 ParOldGen       total 130048K, used 54149K [0x0000000700000000, 0x0000000707f00000, 0x00000007bc400000)
  object space 130048K, 41% used [0x0000000700000000,0x00000007034e1470,0x0000000707f00000)
 Metaspace       used 71439K, capacity 72065K, committed 72704K, reserved 1112064K
  class space    used 9516K, capacity 9642K, committed 9728K, reserved 1048576K
Event: 6029.496 GC heap after
Heap after GC invocations=619 (full 153):
 PSYoungGen      total 59904K, used 832K [0x00000007bc400000, 0x00000007c0000000, 0x00000007c0000000)
  eden space 58368K, 0% used [0x00000007bc400000,0x00000007bc400000,0x00000007bfd00000)
  from space 1536K, 54% used [0x00000007bfe80000,0x00000007bff50000,0x00000007c0000000)
  to   space 1536K, 0% used [0x00000007bfd00000,0x00000007bfd00000,0x00000007bfe80000)
 ParOldGen       total 130048K, used 54149K [0x0000000700000000, 0x0000000707f00000, 0x00000007bc400000)
  object space 130048K, 41% used [0x0000000700000000,0x00000007034e1470,0x0000000707f00000)
 Metaspace       used 71439K, capacity 72065K, committed 72704K, reserved 1112064K
  class space    used 9516K, capacity 9642K, committed 9728K, reserved 1048576K
}

